#-----------------------------------------------------------
# Vivado v2019.1 (64-bit)
# SW Build 2552052 on Fri May 24 14:49:42 MDT 2019
# IP Build 2548770 on Fri May 24 18:01:18 MDT 2019
# Start of session at: Tue Dec  7 09:41:43 2021
# Process ID: 22072
# Current directory: C:/Users/Nathan/Documents/GitHub/ECE751_Final_Project/vivado/project_zedboard_1
# Command line: vivado.exe -gui_launcher_event rodinguilauncherevent20092 C:\Users\Nathan\Documents\GitHub\ECE751_Final_Project\vivado\project_zedboard_1\project_zedboard_1.xpr
# Log file: C:/Users/Nathan/Documents/GitHub/ECE751_Final_Project/vivado/project_zedboard_1/vivado.log
# Journal file: C:/Users/Nathan/Documents/GitHub/ECE751_Final_Project/vivado/project_zedboard_1\vivado.jou
#-----------------------------------------------------------
start_gui
open_project C:/Users/Nathan/Documents/GitHub/ECE751_Final_Project/vivado/project_zedboard_1/project_zedboard_1.xpr
INFO: [Project 1-313] Project file moved from 'C:/Users/Nathan/Documents/GitHub/AMDC-Firmware3/project_zedboard_1' since last save.
Scanning sources...
Finished scanning sources
INFO: [IP_Flow 19-234] Refreshing IP repositories
INFO: [IP_Flow 19-1700] Loaded user IP repository 'c:/Users/Nathan/Documents/GitHub/ECE751_Final_Project/vivado/ip_repo/ece751_h264_enc_1.0'.
INFO: [IP_Flow 19-2313] Loaded Vivado IP repository 'C:/Xilinx/Vivado/2019.1/data/ip'.
open_project: Time (s): cpu = 00:00:42 ; elapsed = 00:00:23 . Memory (MB): peak = 902.629 ; gain = 41.430
update_compile_order -fileset sources_1
open_bd_design {C:/Users/Nathan/Documents/GitHub/ECE751_Final_Project/vivado/project_zedboard_1/project_zedboard_1.srcs/sources_1/bd/base_zynq/base_zynq.bd}
Adding component instance block -- xilinx.com:ip:processing_system7:5.5 - processing_system7_0
Adding component instance block -- xilinx.com:ip:axi_gpio:2.0 - axi_gpio_0
Adding component instance block -- xilinx.com:ip:blk_mem_gen:8.4 - blk_mem_gen_0
Adding component instance block -- xilinx.com:ip:axi_bram_ctrl:4.1 - axi_bram_ctrl_0
Adding component instance block -- xilinx.com:ip:axi_interconnect:2.1 - ps7_0_axi_periph
Adding component instance block -- xilinx.com:ip:axi_crossbar:2.1 - xbar
Adding component instance block -- xilinx.com:ip:axi_protocol_converter:2.1 - auto_pc
Adding component instance block -- xilinx.com:ip:axi_protocol_converter:2.1 - auto_pc
Adding component instance block -- xilinx.com:ip:axi_protocol_converter:2.1 - auto_pc
Adding component instance block -- xilinx.com:ip:proc_sys_reset:5.0 - rst_ps7_0_50M
Adding component instance block -- xilinx.com:user:ece751_h264_enc:1.0 - ece751_h264_enc_0
Successfully read diagram <base_zynq> from BD file <C:/Users/Nathan/Documents/GitHub/ECE751_Final_Project/vivado/project_zedboard_1/project_zedboard_1.srcs/sources_1/bd/base_zynq/base_zynq.bd>
open_bd_design: Time (s): cpu = 00:00:08 ; elapsed = 00:00:08 . Memory (MB): peak = 995.508 ; gain = 4.055
regenerate_bd_layout
save_bd_design
Wrote  : <C:/Users/Nathan/Documents/GitHub/ECE751_Final_Project/vivado/project_zedboard_1/project_zedboard_1.srcs/sources_1/bd/base_zynq/ui/bd_fe791730.ui> 
exit
INFO: [Common 17-206] Exiting Vivado at Tue Dec  7 09:46:27 2021...
