Copyright 1986-2019 Xilinx, Inc. All Rights Reserved.
-----------------------------------------------------------------------------------------------------------------------------------------------------------------------------------------
| Tool Version : Vivado v.2019.1 (win64) Build 2552052 Fri May 24 14:49:42 MDT 2019
| Date         : Tue Nov 30 10:54:42 2021
| Host         : jeff running 64-bit major release  (build 9200)
| Command      : report_methodology -file base_zynq_wrapper_methodology_drc_routed.rpt -pb base_zynq_wrapper_methodology_drc_routed.pb -rpx base_zynq_wrapper_methodology_drc_routed.rpx
| Design       : base_zynq_wrapper
| Device       : xc7z020clg484-1
| Speed File   : -1
| Design State : Fully Routed
-----------------------------------------------------------------------------------------------------------------------------------------------------------------------------------------

Report Methodology

Table of Contents
-----------------
1. REPORT SUMMARY
2. REPORT DETAILS

1. REPORT SUMMARY
-----------------
            Netlist: netlist
          Floorplan: design_1
      Design limits: <entire design considered>
             Max violations: <unlimited>
             Violations found: 372
+-----------+------------------+-------------------------------+------------+
| Rule      | Severity         | Description                   | Violations |
+-----------+------------------+-------------------------------+------------+
| TIMING-17 | Critical Warning | Non-clocked sequential cell   | 368        |
| TIMING-18 | Warning          | Missing input or output delay | 4          |
+-----------+------------------+-------------------------------+------------+

2. REPORT DETAILS
-----------------
TIMING-17#1 Critical Warning
Non-clocked sequential cell  
The clock pin base_zynq_i/ece751_h264_enc_0/inst/ece751_h264_enc_v1_0_S00_AXI_inst/my_h264_enc/cavlc/VALID_reg/C is not reached by a timing clock
Related violations: <none>

TIMING-17#2 Critical Warning
Non-clocked sequential cell  
The clock pin base_zynq_i/ece751_h264_enc_0/inst/ece751_h264_enc_v1_0_S00_AXI_inst/my_h264_enc/cavlc/VE_reg[0]/C is not reached by a timing clock
Related violations: <none>

TIMING-17#3 Critical Warning
Non-clocked sequential cell  
The clock pin base_zynq_i/ece751_h264_enc_0/inst/ece751_h264_enc_v1_0_S00_AXI_inst/my_h264_enc/cavlc/VE_reg[10]/C is not reached by a timing clock
Related violations: <none>

TIMING-17#4 Critical Warning
Non-clocked sequential cell  
The clock pin base_zynq_i/ece751_h264_enc_0/inst/ece751_h264_enc_v1_0_S00_AXI_inst/my_h264_enc/cavlc/VE_reg[11]/C is not reached by a timing clock
Related violations: <none>

TIMING-17#5 Critical Warning
Non-clocked sequential cell  
The clock pin base_zynq_i/ece751_h264_enc_0/inst/ece751_h264_enc_v1_0_S00_AXI_inst/my_h264_enc/cavlc/VE_reg[12]/C is not reached by a timing clock
Related violations: <none>

TIMING-17#6 Critical Warning
Non-clocked sequential cell  
The clock pin base_zynq_i/ece751_h264_enc_0/inst/ece751_h264_enc_v1_0_S00_AXI_inst/my_h264_enc/cavlc/VE_reg[13]/C is not reached by a timing clock
Related violations: <none>

TIMING-17#7 Critical Warning
Non-clocked sequential cell  
The clock pin base_zynq_i/ece751_h264_enc_0/inst/ece751_h264_enc_v1_0_S00_AXI_inst/my_h264_enc/cavlc/VE_reg[14]/C is not reached by a timing clock
Related violations: <none>

TIMING-17#8 Critical Warning
Non-clocked sequential cell  
The clock pin base_zynq_i/ece751_h264_enc_0/inst/ece751_h264_enc_v1_0_S00_AXI_inst/my_h264_enc/cavlc/VE_reg[15]/C is not reached by a timing clock
Related violations: <none>

TIMING-17#9 Critical Warning
Non-clocked sequential cell  
The clock pin base_zynq_i/ece751_h264_enc_0/inst/ece751_h264_enc_v1_0_S00_AXI_inst/my_h264_enc/cavlc/VE_reg[16]/C is not reached by a timing clock
Related violations: <none>

TIMING-17#10 Critical Warning
Non-clocked sequential cell  
The clock pin base_zynq_i/ece751_h264_enc_0/inst/ece751_h264_enc_v1_0_S00_AXI_inst/my_h264_enc/cavlc/VE_reg[17]/C is not reached by a timing clock
Related violations: <none>

TIMING-17#11 Critical Warning
Non-clocked sequential cell  
The clock pin base_zynq_i/ece751_h264_enc_0/inst/ece751_h264_enc_v1_0_S00_AXI_inst/my_h264_enc/cavlc/VE_reg[18]/C is not reached by a timing clock
Related violations: <none>

TIMING-17#12 Critical Warning
Non-clocked sequential cell  
The clock pin base_zynq_i/ece751_h264_enc_0/inst/ece751_h264_enc_v1_0_S00_AXI_inst/my_h264_enc/cavlc/VE_reg[19]/C is not reached by a timing clock
Related violations: <none>

TIMING-17#13 Critical Warning
Non-clocked sequential cell  
The clock pin base_zynq_i/ece751_h264_enc_0/inst/ece751_h264_enc_v1_0_S00_AXI_inst/my_h264_enc/cavlc/VE_reg[1]/C is not reached by a timing clock
Related violations: <none>

TIMING-17#14 Critical Warning
Non-clocked sequential cell  
The clock pin base_zynq_i/ece751_h264_enc_0/inst/ece751_h264_enc_v1_0_S00_AXI_inst/my_h264_enc/cavlc/VE_reg[20]/C is not reached by a timing clock
Related violations: <none>

TIMING-17#15 Critical Warning
Non-clocked sequential cell  
The clock pin base_zynq_i/ece751_h264_enc_0/inst/ece751_h264_enc_v1_0_S00_AXI_inst/my_h264_enc/cavlc/VE_reg[21]/C is not reached by a timing clock
Related violations: <none>

TIMING-17#16 Critical Warning
Non-clocked sequential cell  
The clock pin base_zynq_i/ece751_h264_enc_0/inst/ece751_h264_enc_v1_0_S00_AXI_inst/my_h264_enc/cavlc/VE_reg[22]/C is not reached by a timing clock
Related violations: <none>

TIMING-17#17 Critical Warning
Non-clocked sequential cell  
The clock pin base_zynq_i/ece751_h264_enc_0/inst/ece751_h264_enc_v1_0_S00_AXI_inst/my_h264_enc/cavlc/VE_reg[23]/C is not reached by a timing clock
Related violations: <none>

TIMING-17#18 Critical Warning
Non-clocked sequential cell  
The clock pin base_zynq_i/ece751_h264_enc_0/inst/ece751_h264_enc_v1_0_S00_AXI_inst/my_h264_enc/cavlc/VE_reg[24]/C is not reached by a timing clock
Related violations: <none>

TIMING-17#19 Critical Warning
Non-clocked sequential cell  
The clock pin base_zynq_i/ece751_h264_enc_0/inst/ece751_h264_enc_v1_0_S00_AXI_inst/my_h264_enc/cavlc/VE_reg[2]/C is not reached by a timing clock
Related violations: <none>

TIMING-17#20 Critical Warning
Non-clocked sequential cell  
The clock pin base_zynq_i/ece751_h264_enc_0/inst/ece751_h264_enc_v1_0_S00_AXI_inst/my_h264_enc/cavlc/VE_reg[3]/C is not reached by a timing clock
Related violations: <none>

TIMING-17#21 Critical Warning
Non-clocked sequential cell  
The clock pin base_zynq_i/ece751_h264_enc_0/inst/ece751_h264_enc_v1_0_S00_AXI_inst/my_h264_enc/cavlc/VE_reg[4]/C is not reached by a timing clock
Related violations: <none>

TIMING-17#22 Critical Warning
Non-clocked sequential cell  
The clock pin base_zynq_i/ece751_h264_enc_0/inst/ece751_h264_enc_v1_0_S00_AXI_inst/my_h264_enc/cavlc/VE_reg[5]/C is not reached by a timing clock
Related violations: <none>

TIMING-17#23 Critical Warning
Non-clocked sequential cell  
The clock pin base_zynq_i/ece751_h264_enc_0/inst/ece751_h264_enc_v1_0_S00_AXI_inst/my_h264_enc/cavlc/VE_reg[6]/C is not reached by a timing clock
Related violations: <none>

TIMING-17#24 Critical Warning
Non-clocked sequential cell  
The clock pin base_zynq_i/ece751_h264_enc_0/inst/ece751_h264_enc_v1_0_S00_AXI_inst/my_h264_enc/cavlc/VE_reg[7]/C is not reached by a timing clock
Related violations: <none>

TIMING-17#25 Critical Warning
Non-clocked sequential cell  
The clock pin base_zynq_i/ece751_h264_enc_0/inst/ece751_h264_enc_v1_0_S00_AXI_inst/my_h264_enc/cavlc/VE_reg[8]/C is not reached by a timing clock
Related violations: <none>

TIMING-17#26 Critical Warning
Non-clocked sequential cell  
The clock pin base_zynq_i/ece751_h264_enc_0/inst/ece751_h264_enc_v1_0_S00_AXI_inst/my_h264_enc/cavlc/VE_reg[9]/C is not reached by a timing clock
Related violations: <none>

TIMING-17#27 Critical Warning
Non-clocked sequential cell  
The clock pin base_zynq_i/ece751_h264_enc_0/inst/ece751_h264_enc_v1_0_S00_AXI_inst/my_h264_enc/cavlc/VL_reg[0]/C is not reached by a timing clock
Related violations: <none>

TIMING-17#28 Critical Warning
Non-clocked sequential cell  
The clock pin base_zynq_i/ece751_h264_enc_0/inst/ece751_h264_enc_v1_0_S00_AXI_inst/my_h264_enc/cavlc/VL_reg[1]/C is not reached by a timing clock
Related violations: <none>

TIMING-17#29 Critical Warning
Non-clocked sequential cell  
The clock pin base_zynq_i/ece751_h264_enc_0/inst/ece751_h264_enc_v1_0_S00_AXI_inst/my_h264_enc/cavlc/VL_reg[2]/C is not reached by a timing clock
Related violations: <none>

TIMING-17#30 Critical Warning
Non-clocked sequential cell  
The clock pin base_zynq_i/ece751_h264_enc_0/inst/ece751_h264_enc_v1_0_S00_AXI_inst/my_h264_enc/cavlc/VL_reg[3]/C is not reached by a timing clock
Related violations: <none>

TIMING-17#31 Critical Warning
Non-clocked sequential cell  
The clock pin base_zynq_i/ece751_h264_enc_0/inst/ece751_h264_enc_v1_0_S00_AXI_inst/my_h264_enc/cavlc/VL_reg[4]/C is not reached by a timing clock
Related violations: <none>

TIMING-17#32 Critical Warning
Non-clocked sequential cell  
The clock pin base_zynq_i/ece751_h264_enc_0/inst/ece751_h264_enc_v1_0_S00_AXI_inst/my_h264_enc/cavlc/abscoeff_reg[0]/C is not reached by a timing clock
Related violations: <none>

TIMING-17#33 Critical Warning
Non-clocked sequential cell  
The clock pin base_zynq_i/ece751_h264_enc_0/inst/ece751_h264_enc_v1_0_S00_AXI_inst/my_h264_enc/cavlc/abscoeff_reg[10]/C is not reached by a timing clock
Related violations: <none>

TIMING-17#34 Critical Warning
Non-clocked sequential cell  
The clock pin base_zynq_i/ece751_h264_enc_0/inst/ece751_h264_enc_v1_0_S00_AXI_inst/my_h264_enc/cavlc/abscoeff_reg[1]/C is not reached by a timing clock
Related violations: <none>

TIMING-17#35 Critical Warning
Non-clocked sequential cell  
The clock pin base_zynq_i/ece751_h264_enc_0/inst/ece751_h264_enc_v1_0_S00_AXI_inst/my_h264_enc/cavlc/abscoeff_reg[2]/C is not reached by a timing clock
Related violations: <none>

TIMING-17#36 Critical Warning
Non-clocked sequential cell  
The clock pin base_zynq_i/ece751_h264_enc_0/inst/ece751_h264_enc_v1_0_S00_AXI_inst/my_h264_enc/cavlc/abscoeff_reg[3]/C is not reached by a timing clock
Related violations: <none>

TIMING-17#37 Critical Warning
Non-clocked sequential cell  
The clock pin base_zynq_i/ece751_h264_enc_0/inst/ece751_h264_enc_v1_0_S00_AXI_inst/my_h264_enc/cavlc/abscoeff_reg[4]/C is not reached by a timing clock
Related violations: <none>

TIMING-17#38 Critical Warning
Non-clocked sequential cell  
The clock pin base_zynq_i/ece751_h264_enc_0/inst/ece751_h264_enc_v1_0_S00_AXI_inst/my_h264_enc/cavlc/abscoeff_reg[5]/C is not reached by a timing clock
Related violations: <none>

TIMING-17#39 Critical Warning
Non-clocked sequential cell  
The clock pin base_zynq_i/ece751_h264_enc_0/inst/ece751_h264_enc_v1_0_S00_AXI_inst/my_h264_enc/cavlc/abscoeff_reg[6]/C is not reached by a timing clock
Related violations: <none>

TIMING-17#40 Critical Warning
Non-clocked sequential cell  
The clock pin base_zynq_i/ece751_h264_enc_0/inst/ece751_h264_enc_v1_0_S00_AXI_inst/my_h264_enc/cavlc/abscoeff_reg[7]/C is not reached by a timing clock
Related violations: <none>

TIMING-17#41 Critical Warning
Non-clocked sequential cell  
The clock pin base_zynq_i/ece751_h264_enc_0/inst/ece751_h264_enc_v1_0_S00_AXI_inst/my_h264_enc/cavlc/abscoeff_reg[8]/C is not reached by a timing clock
Related violations: <none>

TIMING-17#42 Critical Warning
Non-clocked sequential cell  
The clock pin base_zynq_i/ece751_h264_enc_0/inst/ece751_h264_enc_v1_0_S00_AXI_inst/my_h264_enc/cavlc/abscoeff_reg[9]/C is not reached by a timing clock
Related violations: <none>

TIMING-17#43 Critical Warning
Non-clocked sequential cell  
The clock pin base_zynq_i/ece751_h264_enc_0/inst/ece751_h264_enc_v1_0_S00_AXI_inst/my_h264_enc/cavlc/abscoeffa_reg[0]/C is not reached by a timing clock
Related violations: <none>

TIMING-17#44 Critical Warning
Non-clocked sequential cell  
The clock pin base_zynq_i/ece751_h264_enc_0/inst/ece751_h264_enc_v1_0_S00_AXI_inst/my_h264_enc/cavlc/abscoeffa_reg[10]/C is not reached by a timing clock
Related violations: <none>

TIMING-17#45 Critical Warning
Non-clocked sequential cell  
The clock pin base_zynq_i/ece751_h264_enc_0/inst/ece751_h264_enc_v1_0_S00_AXI_inst/my_h264_enc/cavlc/abscoeffa_reg[1]/C is not reached by a timing clock
Related violations: <none>

TIMING-17#46 Critical Warning
Non-clocked sequential cell  
The clock pin base_zynq_i/ece751_h264_enc_0/inst/ece751_h264_enc_v1_0_S00_AXI_inst/my_h264_enc/cavlc/abscoeffa_reg[2]/C is not reached by a timing clock
Related violations: <none>

TIMING-17#47 Critical Warning
Non-clocked sequential cell  
The clock pin base_zynq_i/ece751_h264_enc_0/inst/ece751_h264_enc_v1_0_S00_AXI_inst/my_h264_enc/cavlc/abscoeffa_reg[3]/C is not reached by a timing clock
Related violations: <none>

TIMING-17#48 Critical Warning
Non-clocked sequential cell  
The clock pin base_zynq_i/ece751_h264_enc_0/inst/ece751_h264_enc_v1_0_S00_AXI_inst/my_h264_enc/cavlc/abscoeffa_reg[4]/C is not reached by a timing clock
Related violations: <none>

TIMING-17#49 Critical Warning
Non-clocked sequential cell  
The clock pin base_zynq_i/ece751_h264_enc_0/inst/ece751_h264_enc_v1_0_S00_AXI_inst/my_h264_enc/cavlc/abscoeffa_reg[5]/C is not reached by a timing clock
Related violations: <none>

TIMING-17#50 Critical Warning
Non-clocked sequential cell  
The clock pin base_zynq_i/ece751_h264_enc_0/inst/ece751_h264_enc_v1_0_S00_AXI_inst/my_h264_enc/cavlc/abscoeffa_reg[6]/C is not reached by a timing clock
Related violations: <none>

TIMING-17#51 Critical Warning
Non-clocked sequential cell  
The clock pin base_zynq_i/ece751_h264_enc_0/inst/ece751_h264_enc_v1_0_S00_AXI_inst/my_h264_enc/cavlc/abscoeffa_reg[7]/C is not reached by a timing clock
Related violations: <none>

TIMING-17#52 Critical Warning
Non-clocked sequential cell  
The clock pin base_zynq_i/ece751_h264_enc_0/inst/ece751_h264_enc_v1_0_S00_AXI_inst/my_h264_enc/cavlc/abscoeffa_reg[8]/C is not reached by a timing clock
Related violations: <none>

TIMING-17#53 Critical Warning
Non-clocked sequential cell  
The clock pin base_zynq_i/ece751_h264_enc_0/inst/ece751_h264_enc_v1_0_S00_AXI_inst/my_h264_enc/cavlc/abscoeffa_reg[9]/C is not reached by a timing clock
Related violations: <none>

TIMING-17#54 Critical Warning
Non-clocked sequential cell  
The clock pin base_zynq_i/ece751_h264_enc_0/inst/ece751_h264_enc_v1_0_S00_AXI_inst/my_h264_enc/cavlc/cindex_reg[0]/C is not reached by a timing clock
Related violations: <none>

TIMING-17#55 Critical Warning
Non-clocked sequential cell  
The clock pin base_zynq_i/ece751_h264_enc_0/inst/ece751_h264_enc_v1_0_S00_AXI_inst/my_h264_enc/cavlc/cindex_reg[1]/C is not reached by a timing clock
Related violations: <none>

TIMING-17#56 Critical Warning
Non-clocked sequential cell  
The clock pin base_zynq_i/ece751_h264_enc_0/inst/ece751_h264_enc_v1_0_S00_AXI_inst/my_h264_enc/cavlc/cindex_reg[2]/C is not reached by a timing clock
Related violations: <none>

TIMING-17#57 Critical Warning
Non-clocked sequential cell  
The clock pin base_zynq_i/ece751_h264_enc_0/inst/ece751_h264_enc_v1_0_S00_AXI_inst/my_h264_enc/cavlc/cindex_reg[3]/C is not reached by a timing clock
Related violations: <none>

TIMING-17#58 Critical Warning
Non-clocked sequential cell  
The clock pin base_zynq_i/ece751_h264_enc_0/inst/ece751_h264_enc_v1_0_S00_AXI_inst/my_h264_enc/cavlc/ctable_reg[0]/C is not reached by a timing clock
Related violations: <none>

TIMING-17#59 Critical Warning
Non-clocked sequential cell  
The clock pin base_zynq_i/ece751_h264_enc_0/inst/ece751_h264_enc_v1_0_S00_AXI_inst/my_h264_enc/cavlc/ctable_reg[1]/C is not reached by a timing clock
Related violations: <none>

TIMING-17#60 Critical Warning
Non-clocked sequential cell  
The clock pin base_zynq_i/ece751_h264_enc_0/inst/ece751_h264_enc_v1_0_S00_AXI_inst/my_h264_enc/cavlc/ctable_reg[2]/C is not reached by a timing clock
Related violations: <none>

TIMING-17#61 Critical Warning
Non-clocked sequential cell  
The clock pin base_zynq_i/ece751_h264_enc_0/inst/ece751_h264_enc_v1_0_S00_AXI_inst/my_h264_enc/cavlc/maxcoeffs_reg[0]/C is not reached by a timing clock
Related violations: <none>

TIMING-17#62 Critical Warning
Non-clocked sequential cell  
The clock pin base_zynq_i/ece751_h264_enc_0/inst/ece751_h264_enc_v1_0_S00_AXI_inst/my_h264_enc/cavlc/maxcoeffs_reg[1]/C is not reached by a timing clock
Related violations: <none>

TIMING-17#63 Critical Warning
Non-clocked sequential cell  
The clock pin base_zynq_i/ece751_h264_enc_0/inst/ece751_h264_enc_v1_0_S00_AXI_inst/my_h264_enc/cavlc/maxcoeffs_reg[2]/C is not reached by a timing clock
Related violations: <none>

TIMING-17#64 Critical Warning
Non-clocked sequential cell  
The clock pin base_zynq_i/ece751_h264_enc_0/inst/ece751_h264_enc_v1_0_S00_AXI_inst/my_h264_enc/cavlc/maxcoeffs_reg[3]/C is not reached by a timing clock
Related violations: <none>

TIMING-17#65 Critical Warning
Non-clocked sequential cell  
The clock pin base_zynq_i/ece751_h264_enc_0/inst/ece751_h264_enc_v1_0_S00_AXI_inst/my_h264_enc/cavlc/maxcoeffs_reg[4]/C is not reached by a timing clock
Related violations: <none>

TIMING-17#66 Critical Warning
Non-clocked sequential cell  
The clock pin base_zynq_i/ece751_h264_enc_0/inst/ece751_h264_enc_v1_0_S00_AXI_inst/my_h264_enc/cavlc/parity_reg/C is not reached by a timing clock
Related violations: <none>

TIMING-17#67 Critical Warning
Non-clocked sequential cell  
The clock pin base_zynq_i/ece751_h264_enc_0/inst/ece751_h264_enc_v1_0_S00_AXI_inst/my_h264_enc/cavlc/rbindex_reg[0]/C is not reached by a timing clock
Related violations: <none>

TIMING-17#68 Critical Warning
Non-clocked sequential cell  
The clock pin base_zynq_i/ece751_h264_enc_0/inst/ece751_h264_enc_v1_0_S00_AXI_inst/my_h264_enc/cavlc/rbindex_reg[1]/C is not reached by a timing clock
Related violations: <none>

TIMING-17#69 Critical Warning
Non-clocked sequential cell  
The clock pin base_zynq_i/ece751_h264_enc_0/inst/ece751_h264_enc_v1_0_S00_AXI_inst/my_h264_enc/cavlc/rbindex_reg[2]/C is not reached by a timing clock
Related violations: <none>

TIMING-17#70 Critical Warning
Non-clocked sequential cell  
The clock pin base_zynq_i/ece751_h264_enc_0/inst/ece751_h264_enc_v1_0_S00_AXI_inst/my_h264_enc/cavlc/rbindex_reg[3]/C is not reached by a timing clock
Related violations: <none>

TIMING-17#71 Critical Warning
Non-clocked sequential cell  
The clock pin base_zynq_i/ece751_h264_enc_0/inst/ece751_h264_enc_v1_0_S00_AXI_inst/my_h264_enc/cavlc/rbstate_reg/C is not reached by a timing clock
Related violations: <none>

TIMING-17#72 Critical Warning
Non-clocked sequential cell  
The clock pin base_zynq_i/ece751_h264_enc_0/inst/ece751_h264_enc_v1_0_S00_AXI_inst/my_h264_enc/cavlc/rbve_reg[0]/C is not reached by a timing clock
Related violations: <none>

TIMING-17#73 Critical Warning
Non-clocked sequential cell  
The clock pin base_zynq_i/ece751_h264_enc_0/inst/ece751_h264_enc_v1_0_S00_AXI_inst/my_h264_enc/cavlc/rbve_reg[10]/C is not reached by a timing clock
Related violations: <none>

TIMING-17#74 Critical Warning
Non-clocked sequential cell  
The clock pin base_zynq_i/ece751_h264_enc_0/inst/ece751_h264_enc_v1_0_S00_AXI_inst/my_h264_enc/cavlc/rbve_reg[11]/C is not reached by a timing clock
Related violations: <none>

TIMING-17#75 Critical Warning
Non-clocked sequential cell  
The clock pin base_zynq_i/ece751_h264_enc_0/inst/ece751_h264_enc_v1_0_S00_AXI_inst/my_h264_enc/cavlc/rbve_reg[12]/C is not reached by a timing clock
Related violations: <none>

TIMING-17#76 Critical Warning
Non-clocked sequential cell  
The clock pin base_zynq_i/ece751_h264_enc_0/inst/ece751_h264_enc_v1_0_S00_AXI_inst/my_h264_enc/cavlc/rbve_reg[13]/C is not reached by a timing clock
Related violations: <none>

TIMING-17#77 Critical Warning
Non-clocked sequential cell  
The clock pin base_zynq_i/ece751_h264_enc_0/inst/ece751_h264_enc_v1_0_S00_AXI_inst/my_h264_enc/cavlc/rbve_reg[14]/C is not reached by a timing clock
Related violations: <none>

TIMING-17#78 Critical Warning
Non-clocked sequential cell  
The clock pin base_zynq_i/ece751_h264_enc_0/inst/ece751_h264_enc_v1_0_S00_AXI_inst/my_h264_enc/cavlc/rbve_reg[15]/C is not reached by a timing clock
Related violations: <none>

TIMING-17#79 Critical Warning
Non-clocked sequential cell  
The clock pin base_zynq_i/ece751_h264_enc_0/inst/ece751_h264_enc_v1_0_S00_AXI_inst/my_h264_enc/cavlc/rbve_reg[16]/C is not reached by a timing clock
Related violations: <none>

TIMING-17#80 Critical Warning
Non-clocked sequential cell  
The clock pin base_zynq_i/ece751_h264_enc_0/inst/ece751_h264_enc_v1_0_S00_AXI_inst/my_h264_enc/cavlc/rbve_reg[17]/C is not reached by a timing clock
Related violations: <none>

TIMING-17#81 Critical Warning
Non-clocked sequential cell  
The clock pin base_zynq_i/ece751_h264_enc_0/inst/ece751_h264_enc_v1_0_S00_AXI_inst/my_h264_enc/cavlc/rbve_reg[18]/C is not reached by a timing clock
Related violations: <none>

TIMING-17#82 Critical Warning
Non-clocked sequential cell  
The clock pin base_zynq_i/ece751_h264_enc_0/inst/ece751_h264_enc_v1_0_S00_AXI_inst/my_h264_enc/cavlc/rbve_reg[19]/C is not reached by a timing clock
Related violations: <none>

TIMING-17#83 Critical Warning
Non-clocked sequential cell  
The clock pin base_zynq_i/ece751_h264_enc_0/inst/ece751_h264_enc_v1_0_S00_AXI_inst/my_h264_enc/cavlc/rbve_reg[1]/C is not reached by a timing clock
Related violations: <none>

TIMING-17#84 Critical Warning
Non-clocked sequential cell  
The clock pin base_zynq_i/ece751_h264_enc_0/inst/ece751_h264_enc_v1_0_S00_AXI_inst/my_h264_enc/cavlc/rbve_reg[20]/C is not reached by a timing clock
Related violations: <none>

TIMING-17#85 Critical Warning
Non-clocked sequential cell  
The clock pin base_zynq_i/ece751_h264_enc_0/inst/ece751_h264_enc_v1_0_S00_AXI_inst/my_h264_enc/cavlc/rbve_reg[21]/C is not reached by a timing clock
Related violations: <none>

TIMING-17#86 Critical Warning
Non-clocked sequential cell  
The clock pin base_zynq_i/ece751_h264_enc_0/inst/ece751_h264_enc_v1_0_S00_AXI_inst/my_h264_enc/cavlc/rbve_reg[22]/C is not reached by a timing clock
Related violations: <none>

TIMING-17#87 Critical Warning
Non-clocked sequential cell  
The clock pin base_zynq_i/ece751_h264_enc_0/inst/ece751_h264_enc_v1_0_S00_AXI_inst/my_h264_enc/cavlc/rbve_reg[23]/C is not reached by a timing clock
Related violations: <none>

TIMING-17#88 Critical Warning
Non-clocked sequential cell  
The clock pin base_zynq_i/ece751_h264_enc_0/inst/ece751_h264_enc_v1_0_S00_AXI_inst/my_h264_enc/cavlc/rbve_reg[24]/C is not reached by a timing clock
Related violations: <none>

TIMING-17#89 Critical Warning
Non-clocked sequential cell  
The clock pin base_zynq_i/ece751_h264_enc_0/inst/ece751_h264_enc_v1_0_S00_AXI_inst/my_h264_enc/cavlc/rbve_reg[2]/C is not reached by a timing clock
Related violations: <none>

TIMING-17#90 Critical Warning
Non-clocked sequential cell  
The clock pin base_zynq_i/ece751_h264_enc_0/inst/ece751_h264_enc_v1_0_S00_AXI_inst/my_h264_enc/cavlc/rbve_reg[3]/C is not reached by a timing clock
Related violations: <none>

TIMING-17#91 Critical Warning
Non-clocked sequential cell  
The clock pin base_zynq_i/ece751_h264_enc_0/inst/ece751_h264_enc_v1_0_S00_AXI_inst/my_h264_enc/cavlc/rbve_reg[4]/C is not reached by a timing clock
Related violations: <none>

TIMING-17#92 Critical Warning
Non-clocked sequential cell  
The clock pin base_zynq_i/ece751_h264_enc_0/inst/ece751_h264_enc_v1_0_S00_AXI_inst/my_h264_enc/cavlc/rbve_reg[5]/C is not reached by a timing clock
Related violations: <none>

TIMING-17#93 Critical Warning
Non-clocked sequential cell  
The clock pin base_zynq_i/ece751_h264_enc_0/inst/ece751_h264_enc_v1_0_S00_AXI_inst/my_h264_enc/cavlc/rbve_reg[6]/C is not reached by a timing clock
Related violations: <none>

TIMING-17#94 Critical Warning
Non-clocked sequential cell  
The clock pin base_zynq_i/ece751_h264_enc_0/inst/ece751_h264_enc_v1_0_S00_AXI_inst/my_h264_enc/cavlc/rbve_reg[7]/C is not reached by a timing clock
Related violations: <none>

TIMING-17#95 Critical Warning
Non-clocked sequential cell  
The clock pin base_zynq_i/ece751_h264_enc_0/inst/ece751_h264_enc_v1_0_S00_AXI_inst/my_h264_enc/cavlc/rbve_reg[8]/C is not reached by a timing clock
Related violations: <none>

TIMING-17#96 Critical Warning
Non-clocked sequential cell  
The clock pin base_zynq_i/ece751_h264_enc_0/inst/ece751_h264_enc_v1_0_S00_AXI_inst/my_h264_enc/cavlc/rbve_reg[9]/C is not reached by a timing clock
Related violations: <none>

TIMING-17#97 Critical Warning
Non-clocked sequential cell  
The clock pin base_zynq_i/ece751_h264_enc_0/inst/ece751_h264_enc_v1_0_S00_AXI_inst/my_h264_enc/cavlc/rbvl_reg[0]/C is not reached by a timing clock
Related violations: <none>

TIMING-17#98 Critical Warning
Non-clocked sequential cell  
The clock pin base_zynq_i/ece751_h264_enc_0/inst/ece751_h264_enc_v1_0_S00_AXI_inst/my_h264_enc/cavlc/rbvl_reg[1]/C is not reached by a timing clock
Related violations: <none>

TIMING-17#99 Critical Warning
Non-clocked sequential cell  
The clock pin base_zynq_i/ece751_h264_enc_0/inst/ece751_h264_enc_v1_0_S00_AXI_inst/my_h264_enc/cavlc/rbvl_reg[2]/C is not reached by a timing clock
Related violations: <none>

TIMING-17#100 Critical Warning
Non-clocked sequential cell  
The clock pin base_zynq_i/ece751_h264_enc_0/inst/ece751_h264_enc_v1_0_S00_AXI_inst/my_h264_enc/cavlc/rbvl_reg[3]/C is not reached by a timing clock
Related violations: <none>

TIMING-17#101 Critical Warning
Non-clocked sequential cell  
The clock pin base_zynq_i/ece751_h264_enc_0/inst/ece751_h264_enc_v1_0_S00_AXI_inst/my_h264_enc/cavlc/rbvl_reg[4]/C is not reached by a timing clock
Related violations: <none>

TIMING-17#102 Critical Warning
Non-clocked sequential cell  
The clock pin base_zynq_i/ece751_h264_enc_0/inst/ece751_h264_enc_v1_0_S00_AXI_inst/my_h264_enc/cavlc/rbzerosleft_reg[0]/C is not reached by a timing clock
Related violations: <none>

TIMING-17#103 Critical Warning
Non-clocked sequential cell  
The clock pin base_zynq_i/ece751_h264_enc_0/inst/ece751_h264_enc_v1_0_S00_AXI_inst/my_h264_enc/cavlc/rbzerosleft_reg[1]/C is not reached by a timing clock
Related violations: <none>

TIMING-17#104 Critical Warning
Non-clocked sequential cell  
The clock pin base_zynq_i/ece751_h264_enc_0/inst/ece751_h264_enc_v1_0_S00_AXI_inst/my_h264_enc/cavlc/rbzerosleft_reg[2]/C is not reached by a timing clock
Related violations: <none>

TIMING-17#105 Critical Warning
Non-clocked sequential cell  
The clock pin base_zynq_i/ece751_h264_enc_0/inst/ece751_h264_enc_v1_0_S00_AXI_inst/my_h264_enc/cavlc/rbzerosleft_reg[3]/C is not reached by a timing clock
Related violations: <none>

TIMING-17#106 Critical Warning
Non-clocked sequential cell  
The clock pin base_zynq_i/ece751_h264_enc_0/inst/ece751_h264_enc_v1_0_S00_AXI_inst/my_h264_enc/cavlc/rbzerosleft_reg[4]/C is not reached by a timing clock
Related violations: <none>

TIMING-17#107 Critical Warning
Non-clocked sequential cell  
The clock pin base_zynq_i/ece751_h264_enc_0/inst/ece751_h264_enc_v1_0_S00_AXI_inst/my_h264_enc/cavlc/runb_reg[0]/C is not reached by a timing clock
Related violations: <none>

TIMING-17#108 Critical Warning
Non-clocked sequential cell  
The clock pin base_zynq_i/ece751_h264_enc_0/inst/ece751_h264_enc_v1_0_S00_AXI_inst/my_h264_enc/cavlc/runb_reg[1]/C is not reached by a timing clock
Related violations: <none>

TIMING-17#109 Critical Warning
Non-clocked sequential cell  
The clock pin base_zynq_i/ece751_h264_enc_0/inst/ece751_h264_enc_v1_0_S00_AXI_inst/my_h264_enc/cavlc/runb_reg[2]/C is not reached by a timing clock
Related violations: <none>

TIMING-17#110 Critical Warning
Non-clocked sequential cell  
The clock pin base_zynq_i/ece751_h264_enc_0/inst/ece751_h264_enc_v1_0_S00_AXI_inst/my_h264_enc/cavlc/runb_reg[3]/C is not reached by a timing clock
Related violations: <none>

TIMING-17#111 Critical Warning
Non-clocked sequential cell  
The clock pin base_zynq_i/ece751_h264_enc_0/inst/ece751_h264_enc_v1_0_S00_AXI_inst/my_h264_enc/cavlc/signcoeff0/C is not reached by a timing clock
Related violations: <none>

TIMING-17#112 Critical Warning
Non-clocked sequential cell  
The clock pin base_zynq_i/ece751_h264_enc_0/inst/ece751_h264_enc_v1_0_S00_AXI_inst/my_h264_enc/cavlc/signcoeff0__2/C is not reached by a timing clock
Related violations: <none>

TIMING-17#113 Critical Warning
Non-clocked sequential cell  
The clock pin base_zynq_i/ece751_h264_enc_0/inst/ece751_h264_enc_v1_0_S00_AXI_inst/my_h264_enc/cavlc/signcoeff0__3/C is not reached by a timing clock
Related violations: <none>

TIMING-17#114 Critical Warning
Non-clocked sequential cell  
The clock pin base_zynq_i/ece751_h264_enc_0/inst/ece751_h264_enc_v1_0_S00_AXI_inst/my_h264_enc/cavlc/signcoeff_reg/C is not reached by a timing clock
Related violations: <none>

TIMING-17#115 Critical Warning
Non-clocked sequential cell  
The clock pin base_zynq_i/ece751_h264_enc_0/inst/ece751_h264_enc_v1_0_S00_AXI_inst/my_h264_enc/cavlc/state_reg[0]/C is not reached by a timing clock
Related violations: <none>

TIMING-17#116 Critical Warning
Non-clocked sequential cell  
The clock pin base_zynq_i/ece751_h264_enc_0/inst/ece751_h264_enc_v1_0_S00_AXI_inst/my_h264_enc/cavlc/state_reg[1]/C is not reached by a timing clock
Related violations: <none>

TIMING-17#117 Critical Warning
Non-clocked sequential cell  
The clock pin base_zynq_i/ece751_h264_enc_0/inst/ece751_h264_enc_v1_0_S00_AXI_inst/my_h264_enc/cavlc/state_reg[2]/C is not reached by a timing clock
Related violations: <none>

TIMING-17#118 Critical Warning
Non-clocked sequential cell  
The clock pin base_zynq_i/ece751_h264_enc_0/inst/ece751_h264_enc_v1_0_S00_AXI_inst/my_h264_enc/cavlc/suffixlen_reg[0]/C is not reached by a timing clock
Related violations: <none>

TIMING-17#119 Critical Warning
Non-clocked sequential cell  
The clock pin base_zynq_i/ece751_h264_enc_0/inst/ece751_h264_enc_v1_0_S00_AXI_inst/my_h264_enc/cavlc/suffixlen_reg[1]/C is not reached by a timing clock
Related violations: <none>

TIMING-17#120 Critical Warning
Non-clocked sequential cell  
The clock pin base_zynq_i/ece751_h264_enc_0/inst/ece751_h264_enc_v1_0_S00_AXI_inst/my_h264_enc/cavlc/suffixlen_reg[2]/C is not reached by a timing clock
Related violations: <none>

TIMING-17#121 Critical Warning
Non-clocked sequential cell  
The clock pin base_zynq_i/ece751_h264_enc_0/inst/ece751_h264_enc_v1_0_S00_AXI_inst/my_h264_enc/cavlc/totalcoeffs_reg[0]/C is not reached by a timing clock
Related violations: <none>

TIMING-17#122 Critical Warning
Non-clocked sequential cell  
The clock pin base_zynq_i/ece751_h264_enc_0/inst/ece751_h264_enc_v1_0_S00_AXI_inst/my_h264_enc/cavlc/totalcoeffs_reg[1]/C is not reached by a timing clock
Related violations: <none>

TIMING-17#123 Critical Warning
Non-clocked sequential cell  
The clock pin base_zynq_i/ece751_h264_enc_0/inst/ece751_h264_enc_v1_0_S00_AXI_inst/my_h264_enc/cavlc/totalcoeffs_reg[2]/C is not reached by a timing clock
Related violations: <none>

TIMING-17#124 Critical Warning
Non-clocked sequential cell  
The clock pin base_zynq_i/ece751_h264_enc_0/inst/ece751_h264_enc_v1_0_S00_AXI_inst/my_h264_enc/cavlc/totalcoeffs_reg[3]/C is not reached by a timing clock
Related violations: <none>

TIMING-17#125 Critical Warning
Non-clocked sequential cell  
The clock pin base_zynq_i/ece751_h264_enc_0/inst/ece751_h264_enc_v1_0_S00_AXI_inst/my_h264_enc/cavlc/totalcoeffs_reg[4]/C is not reached by a timing clock
Related violations: <none>

TIMING-17#126 Critical Warning
Non-clocked sequential cell  
The clock pin base_zynq_i/ece751_h264_enc_0/inst/ece751_h264_enc_v1_0_S00_AXI_inst/my_h264_enc/cavlc/totalzeros_reg[0]/C is not reached by a timing clock
Related violations: <none>

TIMING-17#127 Critical Warning
Non-clocked sequential cell  
The clock pin base_zynq_i/ece751_h264_enc_0/inst/ece751_h264_enc_v1_0_S00_AXI_inst/my_h264_enc/cavlc/totalzeros_reg[1]/C is not reached by a timing clock
Related violations: <none>

TIMING-17#128 Critical Warning
Non-clocked sequential cell  
The clock pin base_zynq_i/ece751_h264_enc_0/inst/ece751_h264_enc_v1_0_S00_AXI_inst/my_h264_enc/cavlc/totalzeros_reg[2]/C is not reached by a timing clock
Related violations: <none>

TIMING-17#129 Critical Warning
Non-clocked sequential cell  
The clock pin base_zynq_i/ece751_h264_enc_0/inst/ece751_h264_enc_v1_0_S00_AXI_inst/my_h264_enc/cavlc/totalzeros_reg[3]/C is not reached by a timing clock
Related violations: <none>

TIMING-17#130 Critical Warning
Non-clocked sequential cell  
The clock pin base_zynq_i/ece751_h264_enc_0/inst/ece751_h264_enc_v1_0_S00_AXI_inst/my_h264_enc/cavlc/totalzeros_reg[4]/C is not reached by a timing clock
Related violations: <none>

TIMING-17#131 Critical Warning
Non-clocked sequential cell  
The clock pin base_zynq_i/ece751_h264_enc_0/inst/ece751_h264_enc_v1_0_S00_AXI_inst/my_h264_enc/cavlc/trailingones_reg[0]/C is not reached by a timing clock
Related violations: <none>

TIMING-17#132 Critical Warning
Non-clocked sequential cell  
The clock pin base_zynq_i/ece751_h264_enc_0/inst/ece751_h264_enc_v1_0_S00_AXI_inst/my_h264_enc/cavlc/trailingones_reg[1]/C is not reached by a timing clock
Related violations: <none>

TIMING-17#133 Critical Warning
Non-clocked sequential cell  
The clock pin base_zynq_i/ece751_h264_enc_0/inst/ece751_h264_enc_v1_0_S00_AXI_inst/my_h264_enc/cavlc/trailingones_reg[1]_rep/C is not reached by a timing clock
Related violations: <none>

TIMING-17#134 Critical Warning
Non-clocked sequential cell  
The clock pin base_zynq_i/ece751_h264_enc_0/inst/ece751_h264_enc_v1_0_S00_AXI_inst/my_h264_enc/cavlc/trailingones_reg[1]_rep__0/C is not reached by a timing clock
Related violations: <none>

TIMING-17#135 Critical Warning
Non-clocked sequential cell  
The clock pin base_zynq_i/ece751_h264_enc_0/inst/ece751_h264_enc_v1_0_S00_AXI_inst/my_h264_enc/cavlc/ztable_reg/C is not reached by a timing clock
Related violations: <none>

TIMING-17#136 Critical Warning
Non-clocked sequential cell  
The clock pin base_zynq_i/ece751_h264_enc_0/inst/ece751_h264_enc_v1_0_S00_AXI_inst/my_h264_enc/header/VALID_reg/C is not reached by a timing clock
Related violations: <none>

TIMING-17#137 Critical Warning
Non-clocked sequential cell  
The clock pin base_zynq_i/ece751_h264_enc_0/inst/ece751_h264_enc_v1_0_S00_AXI_inst/my_h264_enc/header/VE_reg[0]/C is not reached by a timing clock
Related violations: <none>

TIMING-17#138 Critical Warning
Non-clocked sequential cell  
The clock pin base_zynq_i/ece751_h264_enc_0/inst/ece751_h264_enc_v1_0_S00_AXI_inst/my_h264_enc/header/VE_reg[10]/C is not reached by a timing clock
Related violations: <none>

TIMING-17#139 Critical Warning
Non-clocked sequential cell  
The clock pin base_zynq_i/ece751_h264_enc_0/inst/ece751_h264_enc_v1_0_S00_AXI_inst/my_h264_enc/header/VE_reg[11]/C is not reached by a timing clock
Related violations: <none>

TIMING-17#140 Critical Warning
Non-clocked sequential cell  
The clock pin base_zynq_i/ece751_h264_enc_0/inst/ece751_h264_enc_v1_0_S00_AXI_inst/my_h264_enc/header/VE_reg[12]/C is not reached by a timing clock
Related violations: <none>

TIMING-17#141 Critical Warning
Non-clocked sequential cell  
The clock pin base_zynq_i/ece751_h264_enc_0/inst/ece751_h264_enc_v1_0_S00_AXI_inst/my_h264_enc/header/VE_reg[13]/C is not reached by a timing clock
Related violations: <none>

TIMING-17#142 Critical Warning
Non-clocked sequential cell  
The clock pin base_zynq_i/ece751_h264_enc_0/inst/ece751_h264_enc_v1_0_S00_AXI_inst/my_h264_enc/header/VE_reg[14]/C is not reached by a timing clock
Related violations: <none>

TIMING-17#143 Critical Warning
Non-clocked sequential cell  
The clock pin base_zynq_i/ece751_h264_enc_0/inst/ece751_h264_enc_v1_0_S00_AXI_inst/my_h264_enc/header/VE_reg[15]/C is not reached by a timing clock
Related violations: <none>

TIMING-17#144 Critical Warning
Non-clocked sequential cell  
The clock pin base_zynq_i/ece751_h264_enc_0/inst/ece751_h264_enc_v1_0_S00_AXI_inst/my_h264_enc/header/VE_reg[1]/C is not reached by a timing clock
Related violations: <none>

TIMING-17#145 Critical Warning
Non-clocked sequential cell  
The clock pin base_zynq_i/ece751_h264_enc_0/inst/ece751_h264_enc_v1_0_S00_AXI_inst/my_h264_enc/header/VE_reg[2]/C is not reached by a timing clock
Related violations: <none>

TIMING-17#146 Critical Warning
Non-clocked sequential cell  
The clock pin base_zynq_i/ece751_h264_enc_0/inst/ece751_h264_enc_v1_0_S00_AXI_inst/my_h264_enc/header/VE_reg[3]/C is not reached by a timing clock
Related violations: <none>

TIMING-17#147 Critical Warning
Non-clocked sequential cell  
The clock pin base_zynq_i/ece751_h264_enc_0/inst/ece751_h264_enc_v1_0_S00_AXI_inst/my_h264_enc/header/VE_reg[4]/C is not reached by a timing clock
Related violations: <none>

TIMING-17#148 Critical Warning
Non-clocked sequential cell  
The clock pin base_zynq_i/ece751_h264_enc_0/inst/ece751_h264_enc_v1_0_S00_AXI_inst/my_h264_enc/header/VE_reg[5]/C is not reached by a timing clock
Related violations: <none>

TIMING-17#149 Critical Warning
Non-clocked sequential cell  
The clock pin base_zynq_i/ece751_h264_enc_0/inst/ece751_h264_enc_v1_0_S00_AXI_inst/my_h264_enc/header/VE_reg[6]/C is not reached by a timing clock
Related violations: <none>

TIMING-17#150 Critical Warning
Non-clocked sequential cell  
The clock pin base_zynq_i/ece751_h264_enc_0/inst/ece751_h264_enc_v1_0_S00_AXI_inst/my_h264_enc/header/VE_reg[7]/C is not reached by a timing clock
Related violations: <none>

TIMING-17#151 Critical Warning
Non-clocked sequential cell  
The clock pin base_zynq_i/ece751_h264_enc_0/inst/ece751_h264_enc_v1_0_S00_AXI_inst/my_h264_enc/header/VE_reg[8]/C is not reached by a timing clock
Related violations: <none>

TIMING-17#152 Critical Warning
Non-clocked sequential cell  
The clock pin base_zynq_i/ece751_h264_enc_0/inst/ece751_h264_enc_v1_0_S00_AXI_inst/my_h264_enc/header/VE_reg[9]/C is not reached by a timing clock
Related violations: <none>

TIMING-17#153 Critical Warning
Non-clocked sequential cell  
The clock pin base_zynq_i/ece751_h264_enc_0/inst/ece751_h264_enc_v1_0_S00_AXI_inst/my_h264_enc/header/VL_reg[0]/C is not reached by a timing clock
Related violations: <none>

TIMING-17#154 Critical Warning
Non-clocked sequential cell  
The clock pin base_zynq_i/ece751_h264_enc_0/inst/ece751_h264_enc_v1_0_S00_AXI_inst/my_h264_enc/header/VL_reg[1]/C is not reached by a timing clock
Related violations: <none>

TIMING-17#155 Critical Warning
Non-clocked sequential cell  
The clock pin base_zynq_i/ece751_h264_enc_0/inst/ece751_h264_enc_v1_0_S00_AXI_inst/my_h264_enc/header/VL_reg[2]/C is not reached by a timing clock
Related violations: <none>

TIMING-17#156 Critical Warning
Non-clocked sequential cell  
The clock pin base_zynq_i/ece751_h264_enc_0/inst/ece751_h264_enc_v1_0_S00_AXI_inst/my_h264_enc/header/VL_reg[3]/C is not reached by a timing clock
Related violations: <none>

TIMING-17#157 Critical Warning
Non-clocked sequential cell  
The clock pin base_zynq_i/ece751_h264_enc_0/inst/ece751_h264_enc_v1_0_S00_AXI_inst/my_h264_enc/header/VL_reg[4]/C is not reached by a timing clock
Related violations: <none>

TIMING-17#158 Critical Warning
Non-clocked sequential cell  
The clock pin base_zynq_i/ece751_h264_enc_0/inst/ece751_h264_enc_v1_0_S00_AXI_inst/my_h264_enc/header/abuf_reg_0_15_0_5/RAMA/CLK is not reached by a timing clock
Related violations: <none>

TIMING-17#159 Critical Warning
Non-clocked sequential cell  
The clock pin base_zynq_i/ece751_h264_enc_0/inst/ece751_h264_enc_v1_0_S00_AXI_inst/my_h264_enc/header/abuf_reg_0_15_0_5/RAMA_D1/CLK is not reached by a timing clock
Related violations: <none>

TIMING-17#160 Critical Warning
Non-clocked sequential cell  
The clock pin base_zynq_i/ece751_h264_enc_0/inst/ece751_h264_enc_v1_0_S00_AXI_inst/my_h264_enc/header/abuf_reg_0_15_0_5/RAMB/CLK is not reached by a timing clock
Related violations: <none>

TIMING-17#161 Critical Warning
Non-clocked sequential cell  
The clock pin base_zynq_i/ece751_h264_enc_0/inst/ece751_h264_enc_v1_0_S00_AXI_inst/my_h264_enc/header/abuf_reg_0_15_0_5/RAMB_D1/CLK is not reached by a timing clock
Related violations: <none>

TIMING-17#162 Critical Warning
Non-clocked sequential cell  
The clock pin base_zynq_i/ece751_h264_enc_0/inst/ece751_h264_enc_v1_0_S00_AXI_inst/my_h264_enc/header/abuf_reg_0_15_0_5/RAMC/CLK is not reached by a timing clock
Related violations: <none>

TIMING-17#163 Critical Warning
Non-clocked sequential cell  
The clock pin base_zynq_i/ece751_h264_enc_0/inst/ece751_h264_enc_v1_0_S00_AXI_inst/my_h264_enc/header/abuf_reg_0_15_0_5/RAMC_D1/CLK is not reached by a timing clock
Related violations: <none>

TIMING-17#164 Critical Warning
Non-clocked sequential cell  
The clock pin base_zynq_i/ece751_h264_enc_0/inst/ece751_h264_enc_v1_0_S00_AXI_inst/my_h264_enc/header/abuf_reg_0_15_0_5/RAMD/CLK is not reached by a timing clock
Related violations: <none>

TIMING-17#165 Critical Warning
Non-clocked sequential cell  
The clock pin base_zynq_i/ece751_h264_enc_0/inst/ece751_h264_enc_v1_0_S00_AXI_inst/my_h264_enc/header/abuf_reg_0_15_0_5/RAMD_D1/CLK is not reached by a timing clock
Related violations: <none>

TIMING-17#166 Critical Warning
Non-clocked sequential cell  
The clock pin base_zynq_i/ece751_h264_enc_0/inst/ece751_h264_enc_v1_0_S00_AXI_inst/my_h264_enc/header/abuf_reg_0_15_12_15/RAMA/CLK is not reached by a timing clock
Related violations: <none>

TIMING-17#167 Critical Warning
Non-clocked sequential cell  
The clock pin base_zynq_i/ece751_h264_enc_0/inst/ece751_h264_enc_v1_0_S00_AXI_inst/my_h264_enc/header/abuf_reg_0_15_12_15/RAMA_D1/CLK is not reached by a timing clock
Related violations: <none>

TIMING-17#168 Critical Warning
Non-clocked sequential cell  
The clock pin base_zynq_i/ece751_h264_enc_0/inst/ece751_h264_enc_v1_0_S00_AXI_inst/my_h264_enc/header/abuf_reg_0_15_12_15/RAMB/CLK is not reached by a timing clock
Related violations: <none>

TIMING-17#169 Critical Warning
Non-clocked sequential cell  
The clock pin base_zynq_i/ece751_h264_enc_0/inst/ece751_h264_enc_v1_0_S00_AXI_inst/my_h264_enc/header/abuf_reg_0_15_12_15/RAMB_D1/CLK is not reached by a timing clock
Related violations: <none>

TIMING-17#170 Critical Warning
Non-clocked sequential cell  
The clock pin base_zynq_i/ece751_h264_enc_0/inst/ece751_h264_enc_v1_0_S00_AXI_inst/my_h264_enc/header/abuf_reg_0_15_12_15/RAMC/CLK is not reached by a timing clock
Related violations: <none>

TIMING-17#171 Critical Warning
Non-clocked sequential cell  
The clock pin base_zynq_i/ece751_h264_enc_0/inst/ece751_h264_enc_v1_0_S00_AXI_inst/my_h264_enc/header/abuf_reg_0_15_12_15/RAMC_D1/CLK is not reached by a timing clock
Related violations: <none>

TIMING-17#172 Critical Warning
Non-clocked sequential cell  
The clock pin base_zynq_i/ece751_h264_enc_0/inst/ece751_h264_enc_v1_0_S00_AXI_inst/my_h264_enc/header/abuf_reg_0_15_12_15/RAMD/CLK is not reached by a timing clock
Related violations: <none>

TIMING-17#173 Critical Warning
Non-clocked sequential cell  
The clock pin base_zynq_i/ece751_h264_enc_0/inst/ece751_h264_enc_v1_0_S00_AXI_inst/my_h264_enc/header/abuf_reg_0_15_12_15/RAMD_D1/CLK is not reached by a timing clock
Related violations: <none>

TIMING-17#174 Critical Warning
Non-clocked sequential cell  
The clock pin base_zynq_i/ece751_h264_enc_0/inst/ece751_h264_enc_v1_0_S00_AXI_inst/my_h264_enc/header/abuf_reg_0_15_6_11/RAMA/CLK is not reached by a timing clock
Related violations: <none>

TIMING-17#175 Critical Warning
Non-clocked sequential cell  
The clock pin base_zynq_i/ece751_h264_enc_0/inst/ece751_h264_enc_v1_0_S00_AXI_inst/my_h264_enc/header/abuf_reg_0_15_6_11/RAMA_D1/CLK is not reached by a timing clock
Related violations: <none>

TIMING-17#176 Critical Warning
Non-clocked sequential cell  
The clock pin base_zynq_i/ece751_h264_enc_0/inst/ece751_h264_enc_v1_0_S00_AXI_inst/my_h264_enc/header/abuf_reg_0_15_6_11/RAMB/CLK is not reached by a timing clock
Related violations: <none>

TIMING-17#177 Critical Warning
Non-clocked sequential cell  
The clock pin base_zynq_i/ece751_h264_enc_0/inst/ece751_h264_enc_v1_0_S00_AXI_inst/my_h264_enc/header/abuf_reg_0_15_6_11/RAMB_D1/CLK is not reached by a timing clock
Related violations: <none>

TIMING-17#178 Critical Warning
Non-clocked sequential cell  
The clock pin base_zynq_i/ece751_h264_enc_0/inst/ece751_h264_enc_v1_0_S00_AXI_inst/my_h264_enc/header/abuf_reg_0_15_6_11/RAMC/CLK is not reached by a timing clock
Related violations: <none>

TIMING-17#179 Critical Warning
Non-clocked sequential cell  
The clock pin base_zynq_i/ece751_h264_enc_0/inst/ece751_h264_enc_v1_0_S00_AXI_inst/my_h264_enc/header/abuf_reg_0_15_6_11/RAMC_D1/CLK is not reached by a timing clock
Related violations: <none>

TIMING-17#180 Critical Warning
Non-clocked sequential cell  
The clock pin base_zynq_i/ece751_h264_enc_0/inst/ece751_h264_enc_v1_0_S00_AXI_inst/my_h264_enc/header/abuf_reg_0_15_6_11/RAMD/CLK is not reached by a timing clock
Related violations: <none>

TIMING-17#181 Critical Warning
Non-clocked sequential cell  
The clock pin base_zynq_i/ece751_h264_enc_0/inst/ece751_h264_enc_v1_0_S00_AXI_inst/my_h264_enc/header/abuf_reg_0_15_6_11/RAMD_D1/CLK is not reached by a timing clock
Related violations: <none>

TIMING-17#182 Critical Warning
Non-clocked sequential cell  
The clock pin base_zynq_i/ece751_h264_enc_0/inst/ece751_h264_enc_v1_0_S00_AXI_inst/my_h264_enc/header/abufc_reg_0_15_0_4/RAMA/CLK is not reached by a timing clock
Related violations: <none>

TIMING-17#183 Critical Warning
Non-clocked sequential cell  
The clock pin base_zynq_i/ece751_h264_enc_0/inst/ece751_h264_enc_v1_0_S00_AXI_inst/my_h264_enc/header/abufc_reg_0_15_0_4/RAMA_D1/CLK is not reached by a timing clock
Related violations: <none>

TIMING-17#184 Critical Warning
Non-clocked sequential cell  
The clock pin base_zynq_i/ece751_h264_enc_0/inst/ece751_h264_enc_v1_0_S00_AXI_inst/my_h264_enc/header/abufc_reg_0_15_0_4/RAMB/CLK is not reached by a timing clock
Related violations: <none>

TIMING-17#185 Critical Warning
Non-clocked sequential cell  
The clock pin base_zynq_i/ece751_h264_enc_0/inst/ece751_h264_enc_v1_0_S00_AXI_inst/my_h264_enc/header/abufc_reg_0_15_0_4/RAMB_D1/CLK is not reached by a timing clock
Related violations: <none>

TIMING-17#186 Critical Warning
Non-clocked sequential cell  
The clock pin base_zynq_i/ece751_h264_enc_0/inst/ece751_h264_enc_v1_0_S00_AXI_inst/my_h264_enc/header/abufc_reg_0_15_0_4/RAMC/CLK is not reached by a timing clock
Related violations: <none>

TIMING-17#187 Critical Warning
Non-clocked sequential cell  
The clock pin base_zynq_i/ece751_h264_enc_0/inst/ece751_h264_enc_v1_0_S00_AXI_inst/my_h264_enc/header/abufc_reg_0_15_0_4/RAMC_D1/CLK is not reached by a timing clock
Related violations: <none>

TIMING-17#188 Critical Warning
Non-clocked sequential cell  
The clock pin base_zynq_i/ece751_h264_enc_0/inst/ece751_h264_enc_v1_0_S00_AXI_inst/my_h264_enc/header/abufc_reg_0_15_0_4/RAMD/CLK is not reached by a timing clock
Related violations: <none>

TIMING-17#189 Critical Warning
Non-clocked sequential cell  
The clock pin base_zynq_i/ece751_h264_enc_0/inst/ece751_h264_enc_v1_0_S00_AXI_inst/my_h264_enc/header/abufc_reg_0_15_0_4/RAMD_D1/CLK is not reached by a timing clock
Related violations: <none>

TIMING-17#190 Critical Warning
Non-clocked sequential cell  
The clock pin base_zynq_i/ece751_h264_enc_0/inst/ece751_h264_enc_v1_0_S00_AXI_inst/my_h264_enc/header/emit_reg[0]/C is not reached by a timing clock
Related violations: <none>

TIMING-17#191 Critical Warning
Non-clocked sequential cell  
The clock pin base_zynq_i/ece751_h264_enc_0/inst/ece751_h264_enc_v1_0_S00_AXI_inst/my_h264_enc/header/emit_reg[1]/C is not reached by a timing clock
Related violations: <none>

TIMING-17#192 Critical Warning
Non-clocked sequential cell  
The clock pin base_zynq_i/ece751_h264_enc_0/inst/ece751_h264_enc_v1_0_S00_AXI_inst/my_h264_enc/header/emit_reg[2]/C is not reached by a timing clock
Related violations: <none>

TIMING-17#193 Critical Warning
Non-clocked sequential cell  
The clock pin base_zynq_i/ece751_h264_enc_0/inst/ece751_h264_enc_v1_0_S00_AXI_inst/my_h264_enc/header/emit_reg[3]/C is not reached by a timing clock
Related violations: <none>

TIMING-17#194 Critical Warning
Non-clocked sequential cell  
The clock pin base_zynq_i/ece751_h264_enc_0/inst/ece751_h264_enc_v1_0_S00_AXI_inst/my_h264_enc/header/idrtwice_reg/C is not reached by a timing clock
Related violations: <none>

TIMING-17#195 Critical Warning
Non-clocked sequential cell  
The clock pin base_zynq_i/ece751_h264_enc_0/inst/ece751_h264_enc_v1_0_S00_AXI_inst/my_h264_enc/header/ix_reg[0]/C is not reached by a timing clock
Related violations: <none>

TIMING-17#196 Critical Warning
Non-clocked sequential cell  
The clock pin base_zynq_i/ece751_h264_enc_0/inst/ece751_h264_enc_v1_0_S00_AXI_inst/my_h264_enc/header/ix_reg[1]/C is not reached by a timing clock
Related violations: <none>

TIMING-17#197 Critical Warning
Non-clocked sequential cell  
The clock pin base_zynq_i/ece751_h264_enc_0/inst/ece751_h264_enc_v1_0_S00_AXI_inst/my_h264_enc/header/ix_reg[2]/C is not reached by a timing clock
Related violations: <none>

TIMING-17#198 Critical Warning
Non-clocked sequential cell  
The clock pin base_zynq_i/ece751_h264_enc_0/inst/ece751_h264_enc_v1_0_S00_AXI_inst/my_h264_enc/header/ix_reg[3]/C is not reached by a timing clock
Related violations: <none>

TIMING-17#199 Critical Warning
Non-clocked sequential cell  
The clock pin base_zynq_i/ece751_h264_enc_0/inst/ece751_h264_enc_v1_0_S00_AXI_inst/my_h264_enc/header/lbuf_reg[0]/C is not reached by a timing clock
Related violations: <none>

TIMING-17#200 Critical Warning
Non-clocked sequential cell  
The clock pin base_zynq_i/ece751_h264_enc_0/inst/ece751_h264_enc_v1_0_S00_AXI_inst/my_h264_enc/header/lbuf_reg[10]/C is not reached by a timing clock
Related violations: <none>

TIMING-17#201 Critical Warning
Non-clocked sequential cell  
The clock pin base_zynq_i/ece751_h264_enc_0/inst/ece751_h264_enc_v1_0_S00_AXI_inst/my_h264_enc/header/lbuf_reg[11]/C is not reached by a timing clock
Related violations: <none>

TIMING-17#202 Critical Warning
Non-clocked sequential cell  
The clock pin base_zynq_i/ece751_h264_enc_0/inst/ece751_h264_enc_v1_0_S00_AXI_inst/my_h264_enc/header/lbuf_reg[12]/C is not reached by a timing clock
Related violations: <none>

TIMING-17#203 Critical Warning
Non-clocked sequential cell  
The clock pin base_zynq_i/ece751_h264_enc_0/inst/ece751_h264_enc_v1_0_S00_AXI_inst/my_h264_enc/header/lbuf_reg[13]/C is not reached by a timing clock
Related violations: <none>

TIMING-17#204 Critical Warning
Non-clocked sequential cell  
The clock pin base_zynq_i/ece751_h264_enc_0/inst/ece751_h264_enc_v1_0_S00_AXI_inst/my_h264_enc/header/lbuf_reg[14]/C is not reached by a timing clock
Related violations: <none>

TIMING-17#205 Critical Warning
Non-clocked sequential cell  
The clock pin base_zynq_i/ece751_h264_enc_0/inst/ece751_h264_enc_v1_0_S00_AXI_inst/my_h264_enc/header/lbuf_reg[15]/C is not reached by a timing clock
Related violations: <none>

TIMING-17#206 Critical Warning
Non-clocked sequential cell  
The clock pin base_zynq_i/ece751_h264_enc_0/inst/ece751_h264_enc_v1_0_S00_AXI_inst/my_h264_enc/header/lbuf_reg[1]/C is not reached by a timing clock
Related violations: <none>

TIMING-17#207 Critical Warning
Non-clocked sequential cell  
The clock pin base_zynq_i/ece751_h264_enc_0/inst/ece751_h264_enc_v1_0_S00_AXI_inst/my_h264_enc/header/lbuf_reg[2]/C is not reached by a timing clock
Related violations: <none>

TIMING-17#208 Critical Warning
Non-clocked sequential cell  
The clock pin base_zynq_i/ece751_h264_enc_0/inst/ece751_h264_enc_v1_0_S00_AXI_inst/my_h264_enc/header/lbuf_reg[3]/C is not reached by a timing clock
Related violations: <none>

TIMING-17#209 Critical Warning
Non-clocked sequential cell  
The clock pin base_zynq_i/ece751_h264_enc_0/inst/ece751_h264_enc_v1_0_S00_AXI_inst/my_h264_enc/header/lbuf_reg[4]/C is not reached by a timing clock
Related violations: <none>

TIMING-17#210 Critical Warning
Non-clocked sequential cell  
The clock pin base_zynq_i/ece751_h264_enc_0/inst/ece751_h264_enc_v1_0_S00_AXI_inst/my_h264_enc/header/lbuf_reg[5]/C is not reached by a timing clock
Related violations: <none>

TIMING-17#211 Critical Warning
Non-clocked sequential cell  
The clock pin base_zynq_i/ece751_h264_enc_0/inst/ece751_h264_enc_v1_0_S00_AXI_inst/my_h264_enc/header/lbuf_reg[6]/C is not reached by a timing clock
Related violations: <none>

TIMING-17#212 Critical Warning
Non-clocked sequential cell  
The clock pin base_zynq_i/ece751_h264_enc_0/inst/ece751_h264_enc_v1_0_S00_AXI_inst/my_h264_enc/header/lbuf_reg[7]/C is not reached by a timing clock
Related violations: <none>

TIMING-17#213 Critical Warning
Non-clocked sequential cell  
The clock pin base_zynq_i/ece751_h264_enc_0/inst/ece751_h264_enc_v1_0_S00_AXI_inst/my_h264_enc/header/lbuf_reg[8]/C is not reached by a timing clock
Related violations: <none>

TIMING-17#214 Critical Warning
Non-clocked sequential cell  
The clock pin base_zynq_i/ece751_h264_enc_0/inst/ece751_h264_enc_v1_0_S00_AXI_inst/my_h264_enc/header/lbuf_reg[9]/C is not reached by a timing clock
Related violations: <none>

TIMING-17#215 Critical Warning
Non-clocked sequential cell  
The clock pin base_zynq_i/ece751_h264_enc_0/inst/ece751_h264_enc_v1_0_S00_AXI_inst/my_h264_enc/header/lbufc_reg[0]/C is not reached by a timing clock
Related violations: <none>

TIMING-17#216 Critical Warning
Non-clocked sequential cell  
The clock pin base_zynq_i/ece751_h264_enc_0/inst/ece751_h264_enc_v1_0_S00_AXI_inst/my_h264_enc/header/lbufc_reg[1]/C is not reached by a timing clock
Related violations: <none>

TIMING-17#217 Critical Warning
Non-clocked sequential cell  
The clock pin base_zynq_i/ece751_h264_enc_0/inst/ece751_h264_enc_v1_0_S00_AXI_inst/my_h264_enc/header/lbufc_reg[2]/C is not reached by a timing clock
Related violations: <none>

TIMING-17#218 Critical Warning
Non-clocked sequential cell  
The clock pin base_zynq_i/ece751_h264_enc_0/inst/ece751_h264_enc_v1_0_S00_AXI_inst/my_h264_enc/header/lbufc_reg[3]/C is not reached by a timing clock
Related violations: <none>

TIMING-17#219 Critical Warning
Non-clocked sequential cell  
The clock pin base_zynq_i/ece751_h264_enc_0/inst/ece751_h264_enc_v1_0_S00_AXI_inst/my_h264_enc/header/lbufc_reg[4]/C is not reached by a timing clock
Related violations: <none>

TIMING-17#220 Critical Warning
Non-clocked sequential cell  
The clock pin base_zynq_i/ece751_h264_enc_0/inst/ece751_h264_enc_v1_0_S00_AXI_inst/my_h264_enc/header/lcount_reg[0]/C is not reached by a timing clock
Related violations: <none>

TIMING-17#221 Critical Warning
Non-clocked sequential cell  
The clock pin base_zynq_i/ece751_h264_enc_0/inst/ece751_h264_enc_v1_0_S00_AXI_inst/my_h264_enc/header/lcount_reg[1]/C is not reached by a timing clock
Related violations: <none>

TIMING-17#222 Critical Warning
Non-clocked sequential cell  
The clock pin base_zynq_i/ece751_h264_enc_0/inst/ece751_h264_enc_v1_0_S00_AXI_inst/my_h264_enc/header/lcount_reg[2]/C is not reached by a timing clock
Related violations: <none>

TIMING-17#223 Critical Warning
Non-clocked sequential cell  
The clock pin base_zynq_i/ece751_h264_enc_0/inst/ece751_h264_enc_v1_0_S00_AXI_inst/my_h264_enc/header/lcount_reg[3]/C is not reached by a timing clock
Related violations: <none>

TIMING-17#224 Critical Warning
Non-clocked sequential cell  
The clock pin base_zynq_i/ece751_h264_enc_0/inst/ece751_h264_enc_v1_0_S00_AXI_inst/my_h264_enc/header/lstrobed_reg/C is not reached by a timing clock
Related violations: <none>

TIMING-17#225 Critical Warning
Non-clocked sequential cell  
The clock pin base_zynq_i/ece751_h264_enc_0/inst/ece751_h264_enc_v1_0_S00_AXI_inst/my_h264_enc/header/mbhead_reg/C is not reached by a timing clock
Related violations: <none>

TIMING-17#226 Critical Warning
Non-clocked sequential cell  
The clock pin base_zynq_i/ece751_h264_enc_0/inst/ece751_h264_enc_v1_0_S00_AXI_inst/my_h264_enc/header/pushf_reg/C is not reached by a timing clock
Related violations: <none>

TIMING-17#227 Critical Warning
Non-clocked sequential cell  
The clock pin base_zynq_i/ece751_h264_enc_0/inst/ece751_h264_enc_v1_0_S00_AXI_inst/my_h264_enc/header/sev_reg[0]/C is not reached by a timing clock
Related violations: <none>

TIMING-17#228 Critical Warning
Non-clocked sequential cell  
The clock pin base_zynq_i/ece751_h264_enc_0/inst/ece751_h264_enc_v1_0_S00_AXI_inst/my_h264_enc/header/sev_reg[1]/C is not reached by a timing clock
Related violations: <none>

TIMING-17#229 Critical Warning
Non-clocked sequential cell  
The clock pin base_zynq_i/ece751_h264_enc_0/inst/ece751_h264_enc_v1_0_S00_AXI_inst/my_h264_enc/header/sev_reg[2]/C is not reached by a timing clock
Related violations: <none>

TIMING-17#230 Critical Warning
Non-clocked sequential cell  
The clock pin base_zynq_i/ece751_h264_enc_0/inst/ece751_h264_enc_v1_0_S00_AXI_inst/my_h264_enc/header/sev_reg[3]/C is not reached by a timing clock
Related violations: <none>

TIMING-17#231 Critical Warning
Non-clocked sequential cell  
The clock pin base_zynq_i/ece751_h264_enc_0/inst/ece751_h264_enc_v1_0_S00_AXI_inst/my_h264_enc/header/sev_reg[4]/C is not reached by a timing clock
Related violations: <none>

TIMING-17#232 Critical Warning
Non-clocked sequential cell  
The clock pin base_zynq_i/ece751_h264_enc_0/inst/ece751_h264_enc_v1_0_S00_AXI_inst/my_h264_enc/header/sev_reg[5]/C is not reached by a timing clock
Related violations: <none>

TIMING-17#233 Critical Warning
Non-clocked sequential cell  
The clock pin base_zynq_i/ece751_h264_enc_0/inst/ece751_h264_enc_v1_0_S00_AXI_inst/my_h264_enc/header/sevf_reg/C is not reached by a timing clock
Related violations: <none>

TIMING-17#234 Critical Warning
Non-clocked sequential cell  
The clock pin base_zynq_i/ece751_h264_enc_0/inst/ece751_h264_enc_v1_0_S00_AXI_inst/my_h264_enc/header/slicehead1_reg/C is not reached by a timing clock
Related violations: <none>

TIMING-17#235 Critical Warning
Non-clocked sequential cell  
The clock pin base_zynq_i/ece751_h264_enc_0/inst/ece751_h264_enc_v1_0_S00_AXI_inst/my_h264_enc/header/slicehead2_reg/C is not reached by a timing clock
Related violations: <none>

TIMING-17#236 Critical Warning
Non-clocked sequential cell  
The clock pin base_zynq_i/ece751_h264_enc_0/inst/ece751_h264_enc_v1_0_S00_AXI_inst/my_h264_enc/header/tailf_reg/C is not reached by a timing clock
Related violations: <none>

TIMING-17#237 Critical Warning
Non-clocked sequential cell  
The clock pin base_zynq_i/ece751_h264_enc_0/inst/ece751_h264_enc_v1_0_S00_AXI_inst/my_h264_enc/header/uevf_reg/C is not reached by a timing clock
Related violations: <none>

TIMING-17#238 Critical Warning
Non-clocked sequential cell  
The clock pin base_zynq_i/ece751_h264_enc_0/inst/ece751_h264_enc_v1_0_S00_AXI_inst/my_h264_enc/header/uevp1_reg[0]/C is not reached by a timing clock
Related violations: <none>

TIMING-17#239 Critical Warning
Non-clocked sequential cell  
The clock pin base_zynq_i/ece751_h264_enc_0/inst/ece751_h264_enc_v1_0_S00_AXI_inst/my_h264_enc/header/uevp1_reg[1]/C is not reached by a timing clock
Related violations: <none>

TIMING-17#240 Critical Warning
Non-clocked sequential cell  
The clock pin base_zynq_i/ece751_h264_enc_0/inst/ece751_h264_enc_v1_0_S00_AXI_inst/my_h264_enc/header/uevp1_reg[2]/C is not reached by a timing clock
Related violations: <none>

TIMING-17#241 Critical Warning
Non-clocked sequential cell  
The clock pin base_zynq_i/ece751_h264_enc_0/inst/ece751_h264_enc_v1_0_S00_AXI_inst/my_h264_enc/header/uevp1_reg[3]/C is not reached by a timing clock
Related violations: <none>

TIMING-17#242 Critical Warning
Non-clocked sequential cell  
The clock pin base_zynq_i/ece751_h264_enc_0/inst/ece751_h264_enc_v1_0_S00_AXI_inst/my_h264_enc/header/uevp1_reg[4]/C is not reached by a timing clock
Related violations: <none>

TIMING-17#243 Critical Warning
Non-clocked sequential cell  
The clock pin base_zynq_i/ece751_h264_enc_0/inst/ece751_h264_enc_v1_0_S00_AXI_inst/my_h264_enc/header/uevp1_reg[5]/C is not reached by a timing clock
Related violations: <none>

TIMING-17#244 Critical Warning
Non-clocked sequential cell  
The clock pin base_zynq_i/ece751_h264_enc_0/inst/ece751_h264_enc_v1_0_S00_AXI_inst/my_h264_enc/header/uevp1_reg[6]/C is not reached by a timing clock
Related violations: <none>

TIMING-17#245 Critical Warning
Non-clocked sequential cell  
The clock pin base_zynq_i/ece751_h264_enc_0/inst/ece751_h264_enc_v1_0_S00_AXI_inst/my_h264_enc/tobytes/BYTE_reg[0]/C is not reached by a timing clock
Related violations: <none>

TIMING-17#246 Critical Warning
Non-clocked sequential cell  
The clock pin base_zynq_i/ece751_h264_enc_0/inst/ece751_h264_enc_v1_0_S00_AXI_inst/my_h264_enc/tobytes/BYTE_reg[1]/C is not reached by a timing clock
Related violations: <none>

TIMING-17#247 Critical Warning
Non-clocked sequential cell  
The clock pin base_zynq_i/ece751_h264_enc_0/inst/ece751_h264_enc_v1_0_S00_AXI_inst/my_h264_enc/tobytes/BYTE_reg[2]/C is not reached by a timing clock
Related violations: <none>

TIMING-17#248 Critical Warning
Non-clocked sequential cell  
The clock pin base_zynq_i/ece751_h264_enc_0/inst/ece751_h264_enc_v1_0_S00_AXI_inst/my_h264_enc/tobytes/BYTE_reg[3]/C is not reached by a timing clock
Related violations: <none>

TIMING-17#249 Critical Warning
Non-clocked sequential cell  
The clock pin base_zynq_i/ece751_h264_enc_0/inst/ece751_h264_enc_v1_0_S00_AXI_inst/my_h264_enc/tobytes/BYTE_reg[4]/C is not reached by a timing clock
Related violations: <none>

TIMING-17#250 Critical Warning
Non-clocked sequential cell  
The clock pin base_zynq_i/ece751_h264_enc_0/inst/ece751_h264_enc_v1_0_S00_AXI_inst/my_h264_enc/tobytes/BYTE_reg[5]/C is not reached by a timing clock
Related violations: <none>

TIMING-17#251 Critical Warning
Non-clocked sequential cell  
The clock pin base_zynq_i/ece751_h264_enc_0/inst/ece751_h264_enc_v1_0_S00_AXI_inst/my_h264_enc/tobytes/BYTE_reg[6]/C is not reached by a timing clock
Related violations: <none>

TIMING-17#252 Critical Warning
Non-clocked sequential cell  
The clock pin base_zynq_i/ece751_h264_enc_0/inst/ece751_h264_enc_v1_0_S00_AXI_inst/my_h264_enc/tobytes/BYTE_reg[7]/C is not reached by a timing clock
Related violations: <none>

TIMING-17#253 Critical Warning
Non-clocked sequential cell  
The clock pin base_zynq_i/ece751_h264_enc_0/inst/ece751_h264_enc_v1_0_S00_AXI_inst/my_h264_enc/tobytes/aVE_reg_0_63_0_2/RAMA/CLK is not reached by a timing clock
Related violations: <none>

TIMING-17#254 Critical Warning
Non-clocked sequential cell  
The clock pin base_zynq_i/ece751_h264_enc_0/inst/ece751_h264_enc_v1_0_S00_AXI_inst/my_h264_enc/tobytes/aVE_reg_0_63_0_2/RAMB/CLK is not reached by a timing clock
Related violations: <none>

TIMING-17#255 Critical Warning
Non-clocked sequential cell  
The clock pin base_zynq_i/ece751_h264_enc_0/inst/ece751_h264_enc_v1_0_S00_AXI_inst/my_h264_enc/tobytes/aVE_reg_0_63_0_2/RAMC/CLK is not reached by a timing clock
Related violations: <none>

TIMING-17#256 Critical Warning
Non-clocked sequential cell  
The clock pin base_zynq_i/ece751_h264_enc_0/inst/ece751_h264_enc_v1_0_S00_AXI_inst/my_h264_enc/tobytes/aVE_reg_0_63_0_2/RAMD/CLK is not reached by a timing clock
Related violations: <none>

TIMING-17#257 Critical Warning
Non-clocked sequential cell  
The clock pin base_zynq_i/ece751_h264_enc_0/inst/ece751_h264_enc_v1_0_S00_AXI_inst/my_h264_enc/tobytes/aVE_reg_0_63_12_14/RAMA/CLK is not reached by a timing clock
Related violations: <none>

TIMING-17#258 Critical Warning
Non-clocked sequential cell  
The clock pin base_zynq_i/ece751_h264_enc_0/inst/ece751_h264_enc_v1_0_S00_AXI_inst/my_h264_enc/tobytes/aVE_reg_0_63_12_14/RAMB/CLK is not reached by a timing clock
Related violations: <none>

TIMING-17#259 Critical Warning
Non-clocked sequential cell  
The clock pin base_zynq_i/ece751_h264_enc_0/inst/ece751_h264_enc_v1_0_S00_AXI_inst/my_h264_enc/tobytes/aVE_reg_0_63_12_14/RAMC/CLK is not reached by a timing clock
Related violations: <none>

TIMING-17#260 Critical Warning
Non-clocked sequential cell  
The clock pin base_zynq_i/ece751_h264_enc_0/inst/ece751_h264_enc_v1_0_S00_AXI_inst/my_h264_enc/tobytes/aVE_reg_0_63_12_14/RAMD/CLK is not reached by a timing clock
Related violations: <none>

TIMING-17#261 Critical Warning
Non-clocked sequential cell  
The clock pin base_zynq_i/ece751_h264_enc_0/inst/ece751_h264_enc_v1_0_S00_AXI_inst/my_h264_enc/tobytes/aVE_reg_0_63_15_17/RAMA/CLK is not reached by a timing clock
Related violations: <none>

TIMING-17#262 Critical Warning
Non-clocked sequential cell  
The clock pin base_zynq_i/ece751_h264_enc_0/inst/ece751_h264_enc_v1_0_S00_AXI_inst/my_h264_enc/tobytes/aVE_reg_0_63_15_17/RAMB/CLK is not reached by a timing clock
Related violations: <none>

TIMING-17#263 Critical Warning
Non-clocked sequential cell  
The clock pin base_zynq_i/ece751_h264_enc_0/inst/ece751_h264_enc_v1_0_S00_AXI_inst/my_h264_enc/tobytes/aVE_reg_0_63_15_17/RAMC/CLK is not reached by a timing clock
Related violations: <none>

TIMING-17#264 Critical Warning
Non-clocked sequential cell  
The clock pin base_zynq_i/ece751_h264_enc_0/inst/ece751_h264_enc_v1_0_S00_AXI_inst/my_h264_enc/tobytes/aVE_reg_0_63_15_17/RAMD/CLK is not reached by a timing clock
Related violations: <none>

TIMING-17#265 Critical Warning
Non-clocked sequential cell  
The clock pin base_zynq_i/ece751_h264_enc_0/inst/ece751_h264_enc_v1_0_S00_AXI_inst/my_h264_enc/tobytes/aVE_reg_0_63_18_20/RAMA/CLK is not reached by a timing clock
Related violations: <none>

TIMING-17#266 Critical Warning
Non-clocked sequential cell  
The clock pin base_zynq_i/ece751_h264_enc_0/inst/ece751_h264_enc_v1_0_S00_AXI_inst/my_h264_enc/tobytes/aVE_reg_0_63_18_20/RAMB/CLK is not reached by a timing clock
Related violations: <none>

TIMING-17#267 Critical Warning
Non-clocked sequential cell  
The clock pin base_zynq_i/ece751_h264_enc_0/inst/ece751_h264_enc_v1_0_S00_AXI_inst/my_h264_enc/tobytes/aVE_reg_0_63_18_20/RAMC/CLK is not reached by a timing clock
Related violations: <none>

TIMING-17#268 Critical Warning
Non-clocked sequential cell  
The clock pin base_zynq_i/ece751_h264_enc_0/inst/ece751_h264_enc_v1_0_S00_AXI_inst/my_h264_enc/tobytes/aVE_reg_0_63_18_20/RAMD/CLK is not reached by a timing clock
Related violations: <none>

TIMING-17#269 Critical Warning
Non-clocked sequential cell  
The clock pin base_zynq_i/ece751_h264_enc_0/inst/ece751_h264_enc_v1_0_S00_AXI_inst/my_h264_enc/tobytes/aVE_reg_0_63_21_23/RAMA/CLK is not reached by a timing clock
Related violations: <none>

TIMING-17#270 Critical Warning
Non-clocked sequential cell  
The clock pin base_zynq_i/ece751_h264_enc_0/inst/ece751_h264_enc_v1_0_S00_AXI_inst/my_h264_enc/tobytes/aVE_reg_0_63_21_23/RAMB/CLK is not reached by a timing clock
Related violations: <none>

TIMING-17#271 Critical Warning
Non-clocked sequential cell  
The clock pin base_zynq_i/ece751_h264_enc_0/inst/ece751_h264_enc_v1_0_S00_AXI_inst/my_h264_enc/tobytes/aVE_reg_0_63_21_23/RAMC/CLK is not reached by a timing clock
Related violations: <none>

TIMING-17#272 Critical Warning
Non-clocked sequential cell  
The clock pin base_zynq_i/ece751_h264_enc_0/inst/ece751_h264_enc_v1_0_S00_AXI_inst/my_h264_enc/tobytes/aVE_reg_0_63_21_23/RAMD/CLK is not reached by a timing clock
Related violations: <none>

TIMING-17#273 Critical Warning
Non-clocked sequential cell  
The clock pin base_zynq_i/ece751_h264_enc_0/inst/ece751_h264_enc_v1_0_S00_AXI_inst/my_h264_enc/tobytes/aVE_reg_0_63_24_24/RAMA/CLK is not reached by a timing clock
Related violations: <none>

TIMING-17#274 Critical Warning
Non-clocked sequential cell  
The clock pin base_zynq_i/ece751_h264_enc_0/inst/ece751_h264_enc_v1_0_S00_AXI_inst/my_h264_enc/tobytes/aVE_reg_0_63_24_24/RAMB/CLK is not reached by a timing clock
Related violations: <none>

TIMING-17#275 Critical Warning
Non-clocked sequential cell  
The clock pin base_zynq_i/ece751_h264_enc_0/inst/ece751_h264_enc_v1_0_S00_AXI_inst/my_h264_enc/tobytes/aVE_reg_0_63_24_24/RAMC/CLK is not reached by a timing clock
Related violations: <none>

TIMING-17#276 Critical Warning
Non-clocked sequential cell  
The clock pin base_zynq_i/ece751_h264_enc_0/inst/ece751_h264_enc_v1_0_S00_AXI_inst/my_h264_enc/tobytes/aVE_reg_0_63_24_24/RAMD/CLK is not reached by a timing clock
Related violations: <none>

TIMING-17#277 Critical Warning
Non-clocked sequential cell  
The clock pin base_zynq_i/ece751_h264_enc_0/inst/ece751_h264_enc_v1_0_S00_AXI_inst/my_h264_enc/tobytes/aVE_reg_0_63_3_5/RAMA/CLK is not reached by a timing clock
Related violations: <none>

TIMING-17#278 Critical Warning
Non-clocked sequential cell  
The clock pin base_zynq_i/ece751_h264_enc_0/inst/ece751_h264_enc_v1_0_S00_AXI_inst/my_h264_enc/tobytes/aVE_reg_0_63_3_5/RAMB/CLK is not reached by a timing clock
Related violations: <none>

TIMING-17#279 Critical Warning
Non-clocked sequential cell  
The clock pin base_zynq_i/ece751_h264_enc_0/inst/ece751_h264_enc_v1_0_S00_AXI_inst/my_h264_enc/tobytes/aVE_reg_0_63_3_5/RAMC/CLK is not reached by a timing clock
Related violations: <none>

TIMING-17#280 Critical Warning
Non-clocked sequential cell  
The clock pin base_zynq_i/ece751_h264_enc_0/inst/ece751_h264_enc_v1_0_S00_AXI_inst/my_h264_enc/tobytes/aVE_reg_0_63_3_5/RAMD/CLK is not reached by a timing clock
Related violations: <none>

TIMING-17#281 Critical Warning
Non-clocked sequential cell  
The clock pin base_zynq_i/ece751_h264_enc_0/inst/ece751_h264_enc_v1_0_S00_AXI_inst/my_h264_enc/tobytes/aVE_reg_0_63_6_8/RAMA/CLK is not reached by a timing clock
Related violations: <none>

TIMING-17#282 Critical Warning
Non-clocked sequential cell  
The clock pin base_zynq_i/ece751_h264_enc_0/inst/ece751_h264_enc_v1_0_S00_AXI_inst/my_h264_enc/tobytes/aVE_reg_0_63_6_8/RAMB/CLK is not reached by a timing clock
Related violations: <none>

TIMING-17#283 Critical Warning
Non-clocked sequential cell  
The clock pin base_zynq_i/ece751_h264_enc_0/inst/ece751_h264_enc_v1_0_S00_AXI_inst/my_h264_enc/tobytes/aVE_reg_0_63_6_8/RAMC/CLK is not reached by a timing clock
Related violations: <none>

TIMING-17#284 Critical Warning
Non-clocked sequential cell  
The clock pin base_zynq_i/ece751_h264_enc_0/inst/ece751_h264_enc_v1_0_S00_AXI_inst/my_h264_enc/tobytes/aVE_reg_0_63_6_8/RAMD/CLK is not reached by a timing clock
Related violations: <none>

TIMING-17#285 Critical Warning
Non-clocked sequential cell  
The clock pin base_zynq_i/ece751_h264_enc_0/inst/ece751_h264_enc_v1_0_S00_AXI_inst/my_h264_enc/tobytes/aVE_reg_0_63_9_11/RAMA/CLK is not reached by a timing clock
Related violations: <none>

TIMING-17#286 Critical Warning
Non-clocked sequential cell  
The clock pin base_zynq_i/ece751_h264_enc_0/inst/ece751_h264_enc_v1_0_S00_AXI_inst/my_h264_enc/tobytes/aVE_reg_0_63_9_11/RAMB/CLK is not reached by a timing clock
Related violations: <none>

TIMING-17#287 Critical Warning
Non-clocked sequential cell  
The clock pin base_zynq_i/ece751_h264_enc_0/inst/ece751_h264_enc_v1_0_S00_AXI_inst/my_h264_enc/tobytes/aVE_reg_0_63_9_11/RAMC/CLK is not reached by a timing clock
Related violations: <none>

TIMING-17#288 Critical Warning
Non-clocked sequential cell  
The clock pin base_zynq_i/ece751_h264_enc_0/inst/ece751_h264_enc_v1_0_S00_AXI_inst/my_h264_enc/tobytes/aVE_reg_0_63_9_11/RAMD/CLK is not reached by a timing clock
Related violations: <none>

TIMING-17#289 Critical Warning
Non-clocked sequential cell  
The clock pin base_zynq_i/ece751_h264_enc_0/inst/ece751_h264_enc_v1_0_S00_AXI_inst/my_h264_enc/tobytes/aVL_reg_0_63_0_2/RAMA/CLK is not reached by a timing clock
Related violations: <none>

TIMING-17#290 Critical Warning
Non-clocked sequential cell  
The clock pin base_zynq_i/ece751_h264_enc_0/inst/ece751_h264_enc_v1_0_S00_AXI_inst/my_h264_enc/tobytes/aVL_reg_0_63_0_2/RAMB/CLK is not reached by a timing clock
Related violations: <none>

TIMING-17#291 Critical Warning
Non-clocked sequential cell  
The clock pin base_zynq_i/ece751_h264_enc_0/inst/ece751_h264_enc_v1_0_S00_AXI_inst/my_h264_enc/tobytes/aVL_reg_0_63_0_2/RAMC/CLK is not reached by a timing clock
Related violations: <none>

TIMING-17#292 Critical Warning
Non-clocked sequential cell  
The clock pin base_zynq_i/ece751_h264_enc_0/inst/ece751_h264_enc_v1_0_S00_AXI_inst/my_h264_enc/tobytes/aVL_reg_0_63_0_2/RAMD/CLK is not reached by a timing clock
Related violations: <none>

TIMING-17#293 Critical Warning
Non-clocked sequential cell  
The clock pin base_zynq_i/ece751_h264_enc_0/inst/ece751_h264_enc_v1_0_S00_AXI_inst/my_h264_enc/tobytes/aVL_reg_0_63_3_4/RAMA/CLK is not reached by a timing clock
Related violations: <none>

TIMING-17#294 Critical Warning
Non-clocked sequential cell  
The clock pin base_zynq_i/ece751_h264_enc_0/inst/ece751_h264_enc_v1_0_S00_AXI_inst/my_h264_enc/tobytes/aVL_reg_0_63_3_4/RAMB/CLK is not reached by a timing clock
Related violations: <none>

TIMING-17#295 Critical Warning
Non-clocked sequential cell  
The clock pin base_zynq_i/ece751_h264_enc_0/inst/ece751_h264_enc_v1_0_S00_AXI_inst/my_h264_enc/tobytes/aVL_reg_0_63_3_4/RAMC/CLK is not reached by a timing clock
Related violations: <none>

TIMING-17#296 Critical Warning
Non-clocked sequential cell  
The clock pin base_zynq_i/ece751_h264_enc_0/inst/ece751_h264_enc_v1_0_S00_AXI_inst/my_h264_enc/tobytes/aVL_reg_0_63_3_4/RAMD/CLK is not reached by a timing clock
Related violations: <none>

TIMING-17#297 Critical Warning
Non-clocked sequential cell  
The clock pin base_zynq_i/ece751_h264_enc_0/inst/ece751_h264_enc_v1_0_S00_AXI_inst/my_h264_enc/tobytes/ain_reg[0]/C is not reached by a timing clock
Related violations: <none>

TIMING-17#298 Critical Warning
Non-clocked sequential cell  
The clock pin base_zynq_i/ece751_h264_enc_0/inst/ece751_h264_enc_v1_0_S00_AXI_inst/my_h264_enc/tobytes/ain_reg[1]/C is not reached by a timing clock
Related violations: <none>

TIMING-17#299 Critical Warning
Non-clocked sequential cell  
The clock pin base_zynq_i/ece751_h264_enc_0/inst/ece751_h264_enc_v1_0_S00_AXI_inst/my_h264_enc/tobytes/ain_reg[2]/C is not reached by a timing clock
Related violations: <none>

TIMING-17#300 Critical Warning
Non-clocked sequential cell  
The clock pin base_zynq_i/ece751_h264_enc_0/inst/ece751_h264_enc_v1_0_S00_AXI_inst/my_h264_enc/tobytes/ain_reg[3]/C is not reached by a timing clock
Related violations: <none>

TIMING-17#301 Critical Warning
Non-clocked sequential cell  
The clock pin base_zynq_i/ece751_h264_enc_0/inst/ece751_h264_enc_v1_0_S00_AXI_inst/my_h264_enc/tobytes/ain_reg[4]/C is not reached by a timing clock
Related violations: <none>

TIMING-17#302 Critical Warning
Non-clocked sequential cell  
The clock pin base_zynq_i/ece751_h264_enc_0/inst/ece751_h264_enc_v1_0_S00_AXI_inst/my_h264_enc/tobytes/ain_reg[5]/C is not reached by a timing clock
Related violations: <none>

TIMING-17#303 Critical Warning
Non-clocked sequential cell  
The clock pin base_zynq_i/ece751_h264_enc_0/inst/ece751_h264_enc_v1_0_S00_AXI_inst/my_h264_enc/tobytes/alignflg_reg/C is not reached by a timing clock
Related violations: <none>

TIMING-17#304 Critical Warning
Non-clocked sequential cell  
The clock pin base_zynq_i/ece751_h264_enc_0/inst/ece751_h264_enc_v1_0_S00_AXI_inst/my_h264_enc/tobytes/aout_reg[0]/C is not reached by a timing clock
Related violations: <none>

TIMING-17#305 Critical Warning
Non-clocked sequential cell  
The clock pin base_zynq_i/ece751_h264_enc_0/inst/ece751_h264_enc_v1_0_S00_AXI_inst/my_h264_enc/tobytes/aout_reg[1]/C is not reached by a timing clock
Related violations: <none>

TIMING-17#306 Critical Warning
Non-clocked sequential cell  
The clock pin base_zynq_i/ece751_h264_enc_0/inst/ece751_h264_enc_v1_0_S00_AXI_inst/my_h264_enc/tobytes/aout_reg[2]/C is not reached by a timing clock
Related violations: <none>

TIMING-17#307 Critical Warning
Non-clocked sequential cell  
The clock pin base_zynq_i/ece751_h264_enc_0/inst/ece751_h264_enc_v1_0_S00_AXI_inst/my_h264_enc/tobytes/aout_reg[3]/C is not reached by a timing clock
Related violations: <none>

TIMING-17#308 Critical Warning
Non-clocked sequential cell  
The clock pin base_zynq_i/ece751_h264_enc_0/inst/ece751_h264_enc_v1_0_S00_AXI_inst/my_h264_enc/tobytes/aout_reg[4]/C is not reached by a timing clock
Related violations: <none>

TIMING-17#309 Critical Warning
Non-clocked sequential cell  
The clock pin base_zynq_i/ece751_h264_enc_0/inst/ece751_h264_enc_v1_0_S00_AXI_inst/my_h264_enc/tobytes/aout_reg[5]/C is not reached by a timing clock
Related violations: <none>

TIMING-17#310 Critical Warning
Non-clocked sequential cell  
The clock pin base_zynq_i/ece751_h264_enc_0/inst/ece751_h264_enc_v1_0_S00_AXI_inst/my_h264_enc/tobytes/bbuf_reg[0]/C is not reached by a timing clock
Related violations: <none>

TIMING-17#311 Critical Warning
Non-clocked sequential cell  
The clock pin base_zynq_i/ece751_h264_enc_0/inst/ece751_h264_enc_v1_0_S00_AXI_inst/my_h264_enc/tobytes/bbuf_reg[10]/C is not reached by a timing clock
Related violations: <none>

TIMING-17#312 Critical Warning
Non-clocked sequential cell  
The clock pin base_zynq_i/ece751_h264_enc_0/inst/ece751_h264_enc_v1_0_S00_AXI_inst/my_h264_enc/tobytes/bbuf_reg[1]/C is not reached by a timing clock
Related violations: <none>

TIMING-17#313 Critical Warning
Non-clocked sequential cell  
The clock pin base_zynq_i/ece751_h264_enc_0/inst/ece751_h264_enc_v1_0_S00_AXI_inst/my_h264_enc/tobytes/bbuf_reg[2]/C is not reached by a timing clock
Related violations: <none>

TIMING-17#314 Critical Warning
Non-clocked sequential cell  
The clock pin base_zynq_i/ece751_h264_enc_0/inst/ece751_h264_enc_v1_0_S00_AXI_inst/my_h264_enc/tobytes/bbuf_reg[3]/C is not reached by a timing clock
Related violations: <none>

TIMING-17#315 Critical Warning
Non-clocked sequential cell  
The clock pin base_zynq_i/ece751_h264_enc_0/inst/ece751_h264_enc_v1_0_S00_AXI_inst/my_h264_enc/tobytes/bbuf_reg[4]/C is not reached by a timing clock
Related violations: <none>

TIMING-17#316 Critical Warning
Non-clocked sequential cell  
The clock pin base_zynq_i/ece751_h264_enc_0/inst/ece751_h264_enc_v1_0_S00_AXI_inst/my_h264_enc/tobytes/bbuf_reg[5]/C is not reached by a timing clock
Related violations: <none>

TIMING-17#317 Critical Warning
Non-clocked sequential cell  
The clock pin base_zynq_i/ece751_h264_enc_0/inst/ece751_h264_enc_v1_0_S00_AXI_inst/my_h264_enc/tobytes/bbuf_reg[6]/C is not reached by a timing clock
Related violations: <none>

TIMING-17#318 Critical Warning
Non-clocked sequential cell  
The clock pin base_zynq_i/ece751_h264_enc_0/inst/ece751_h264_enc_v1_0_S00_AXI_inst/my_h264_enc/tobytes/bbuf_reg[7]/C is not reached by a timing clock
Related violations: <none>

TIMING-17#319 Critical Warning
Non-clocked sequential cell  
The clock pin base_zynq_i/ece751_h264_enc_0/inst/ece751_h264_enc_v1_0_S00_AXI_inst/my_h264_enc/tobytes/bbuf_reg[8]/C is not reached by a timing clock
Related violations: <none>

TIMING-17#320 Critical Warning
Non-clocked sequential cell  
The clock pin base_zynq_i/ece751_h264_enc_0/inst/ece751_h264_enc_v1_0_S00_AXI_inst/my_h264_enc/tobytes/bbuf_reg[9]/C is not reached by a timing clock
Related violations: <none>

TIMING-17#321 Critical Warning
Non-clocked sequential cell  
The clock pin base_zynq_i/ece751_h264_enc_0/inst/ece751_h264_enc_v1_0_S00_AXI_inst/my_h264_enc/tobytes/count_reg[0]/C is not reached by a timing clock
Related violations: <none>

TIMING-17#322 Critical Warning
Non-clocked sequential cell  
The clock pin base_zynq_i/ece751_h264_enc_0/inst/ece751_h264_enc_v1_0_S00_AXI_inst/my_h264_enc/tobytes/count_reg[1]/C is not reached by a timing clock
Related violations: <none>

TIMING-17#323 Critical Warning
Non-clocked sequential cell  
The clock pin base_zynq_i/ece751_h264_enc_0/inst/ece751_h264_enc_v1_0_S00_AXI_inst/my_h264_enc/tobytes/count_reg[2]/C is not reached by a timing clock
Related violations: <none>

TIMING-17#324 Critical Warning
Non-clocked sequential cell  
The clock pin base_zynq_i/ece751_h264_enc_0/inst/ece751_h264_enc_v1_0_S00_AXI_inst/my_h264_enc/tobytes/count_reg[3]/C is not reached by a timing clock
Related violations: <none>

TIMING-17#325 Critical Warning
Non-clocked sequential cell  
The clock pin base_zynq_i/ece751_h264_enc_0/inst/ece751_h264_enc_v1_0_S00_AXI_inst/my_h264_enc/tobytes/pbyte_reg[0]/C is not reached by a timing clock
Related violations: <none>

TIMING-17#326 Critical Warning
Non-clocked sequential cell  
The clock pin base_zynq_i/ece751_h264_enc_0/inst/ece751_h264_enc_v1_0_S00_AXI_inst/my_h264_enc/tobytes/pbyte_reg[1]/C is not reached by a timing clock
Related violations: <none>

TIMING-17#327 Critical Warning
Non-clocked sequential cell  
The clock pin base_zynq_i/ece751_h264_enc_0/inst/ece751_h264_enc_v1_0_S00_AXI_inst/my_h264_enc/tobytes/pbyte_reg[2]/C is not reached by a timing clock
Related violations: <none>

TIMING-17#328 Critical Warning
Non-clocked sequential cell  
The clock pin base_zynq_i/ece751_h264_enc_0/inst/ece751_h264_enc_v1_0_S00_AXI_inst/my_h264_enc/tobytes/pbyte_reg[3]/C is not reached by a timing clock
Related violations: <none>

TIMING-17#329 Critical Warning
Non-clocked sequential cell  
The clock pin base_zynq_i/ece751_h264_enc_0/inst/ece751_h264_enc_v1_0_S00_AXI_inst/my_h264_enc/tobytes/pbyte_reg[4]/C is not reached by a timing clock
Related violations: <none>

TIMING-17#330 Critical Warning
Non-clocked sequential cell  
The clock pin base_zynq_i/ece751_h264_enc_0/inst/ece751_h264_enc_v1_0_S00_AXI_inst/my_h264_enc/tobytes/pbyte_reg[5]/C is not reached by a timing clock
Related violations: <none>

TIMING-17#331 Critical Warning
Non-clocked sequential cell  
The clock pin base_zynq_i/ece751_h264_enc_0/inst/ece751_h264_enc_v1_0_S00_AXI_inst/my_h264_enc/tobytes/pbyte_reg[6]/C is not reached by a timing clock
Related violations: <none>

TIMING-17#332 Critical Warning
Non-clocked sequential cell  
The clock pin base_zynq_i/ece751_h264_enc_0/inst/ece751_h264_enc_v1_0_S00_AXI_inst/my_h264_enc/tobytes/pbyte_reg[7]/C is not reached by a timing clock
Related violations: <none>

TIMING-17#333 Critical Warning
Non-clocked sequential cell  
The clock pin base_zynq_i/ece751_h264_enc_0/inst/ece751_h264_enc_v1_0_S00_AXI_inst/my_h264_enc/tobytes/pstrobe_reg/C is not reached by a timing clock
Related violations: <none>

TIMING-17#334 Critical Warning
Non-clocked sequential cell  
The clock pin base_zynq_i/ece751_h264_enc_0/inst/ece751_h264_enc_v1_0_S00_AXI_inst/my_h264_enc/tobytes/ptr_reg[0]/C is not reached by a timing clock
Related violations: <none>

TIMING-17#335 Critical Warning
Non-clocked sequential cell  
The clock pin base_zynq_i/ece751_h264_enc_0/inst/ece751_h264_enc_v1_0_S00_AXI_inst/my_h264_enc/tobytes/ptr_reg[1]/C is not reached by a timing clock
Related violations: <none>

TIMING-17#336 Critical Warning
Non-clocked sequential cell  
The clock pin base_zynq_i/ece751_h264_enc_0/inst/ece751_h264_enc_v1_0_S00_AXI_inst/my_h264_enc/tobytes/ptr_reg[2]/C is not reached by a timing clock
Related violations: <none>

TIMING-17#337 Critical Warning
Non-clocked sequential cell  
The clock pin base_zynq_i/ece751_h264_enc_0/inst/ece751_h264_enc_v1_0_S00_AXI_inst/my_h264_enc/tobytes/ptr_reg[3]/C is not reached by a timing clock
Related violations: <none>

TIMING-17#338 Critical Warning
Non-clocked sequential cell  
The clock pin base_zynq_i/ece751_h264_enc_0/inst/ece751_h264_enc_v1_0_S00_AXI_inst/my_h264_enc/tobytes/ptr_reg[4]/C is not reached by a timing clock
Related violations: <none>

TIMING-17#339 Critical Warning
Non-clocked sequential cell  
The clock pin base_zynq_i/ece751_h264_enc_0/inst/ece751_h264_enc_v1_0_S00_AXI_inst/my_h264_enc/tobytes/pzeros_reg[0]/C is not reached by a timing clock
Related violations: <none>

TIMING-17#340 Critical Warning
Non-clocked sequential cell  
The clock pin base_zynq_i/ece751_h264_enc_0/inst/ece751_h264_enc_v1_0_S00_AXI_inst/my_h264_enc/tobytes/pzeros_reg[1]/C is not reached by a timing clock
Related violations: <none>

TIMING-17#341 Critical Warning
Non-clocked sequential cell  
The clock pin base_zynq_i/ece751_h264_enc_0/inst/ece751_h264_enc_v1_0_S00_AXI_inst/my_h264_enc/tobytes/sel_reg[0]/C is not reached by a timing clock
Related violations: <none>

TIMING-17#342 Critical Warning
Non-clocked sequential cell  
The clock pin base_zynq_i/ece751_h264_enc_0/inst/ece751_h264_enc_v1_0_S00_AXI_inst/my_h264_enc/tobytes/sel_reg[1]/C is not reached by a timing clock
Related violations: <none>

TIMING-17#343 Critical Warning
Non-clocked sequential cell  
The clock pin base_zynq_i/ece751_h264_enc_0/inst/ece751_h264_enc_v1_0_S00_AXI_inst/my_h264_enc/tobytes/sel_reg[2]/C is not reached by a timing clock
Related violations: <none>

TIMING-17#344 Critical Warning
Non-clocked sequential cell  
The clock pin base_zynq_i/ece751_h264_enc_0/inst/ece751_h264_enc_v1_0_S00_AXI_inst/my_h264_enc/tobytes/vbuf_reg[0]/C is not reached by a timing clock
Related violations: <none>

TIMING-17#345 Critical Warning
Non-clocked sequential cell  
The clock pin base_zynq_i/ece751_h264_enc_0/inst/ece751_h264_enc_v1_0_S00_AXI_inst/my_h264_enc/tobytes/vbuf_reg[10]/C is not reached by a timing clock
Related violations: <none>

TIMING-17#346 Critical Warning
Non-clocked sequential cell  
The clock pin base_zynq_i/ece751_h264_enc_0/inst/ece751_h264_enc_v1_0_S00_AXI_inst/my_h264_enc/tobytes/vbuf_reg[11]/C is not reached by a timing clock
Related violations: <none>

TIMING-17#347 Critical Warning
Non-clocked sequential cell  
The clock pin base_zynq_i/ece751_h264_enc_0/inst/ece751_h264_enc_v1_0_S00_AXI_inst/my_h264_enc/tobytes/vbuf_reg[12]/C is not reached by a timing clock
Related violations: <none>

TIMING-17#348 Critical Warning
Non-clocked sequential cell  
The clock pin base_zynq_i/ece751_h264_enc_0/inst/ece751_h264_enc_v1_0_S00_AXI_inst/my_h264_enc/tobytes/vbuf_reg[13]/C is not reached by a timing clock
Related violations: <none>

TIMING-17#349 Critical Warning
Non-clocked sequential cell  
The clock pin base_zynq_i/ece751_h264_enc_0/inst/ece751_h264_enc_v1_0_S00_AXI_inst/my_h264_enc/tobytes/vbuf_reg[14]/C is not reached by a timing clock
Related violations: <none>

TIMING-17#350 Critical Warning
Non-clocked sequential cell  
The clock pin base_zynq_i/ece751_h264_enc_0/inst/ece751_h264_enc_v1_0_S00_AXI_inst/my_h264_enc/tobytes/vbuf_reg[15]/C is not reached by a timing clock
Related violations: <none>

TIMING-17#351 Critical Warning
Non-clocked sequential cell  
The clock pin base_zynq_i/ece751_h264_enc_0/inst/ece751_h264_enc_v1_0_S00_AXI_inst/my_h264_enc/tobytes/vbuf_reg[16]/C is not reached by a timing clock
Related violations: <none>

TIMING-17#352 Critical Warning
Non-clocked sequential cell  
The clock pin base_zynq_i/ece751_h264_enc_0/inst/ece751_h264_enc_v1_0_S00_AXI_inst/my_h264_enc/tobytes/vbuf_reg[17]/C is not reached by a timing clock
Related violations: <none>

TIMING-17#353 Critical Warning
Non-clocked sequential cell  
The clock pin base_zynq_i/ece751_h264_enc_0/inst/ece751_h264_enc_v1_0_S00_AXI_inst/my_h264_enc/tobytes/vbuf_reg[18]/C is not reached by a timing clock
Related violations: <none>

TIMING-17#354 Critical Warning
Non-clocked sequential cell  
The clock pin base_zynq_i/ece751_h264_enc_0/inst/ece751_h264_enc_v1_0_S00_AXI_inst/my_h264_enc/tobytes/vbuf_reg[19]/C is not reached by a timing clock
Related violations: <none>

TIMING-17#355 Critical Warning
Non-clocked sequential cell  
The clock pin base_zynq_i/ece751_h264_enc_0/inst/ece751_h264_enc_v1_0_S00_AXI_inst/my_h264_enc/tobytes/vbuf_reg[1]/C is not reached by a timing clock
Related violations: <none>

TIMING-17#356 Critical Warning
Non-clocked sequential cell  
The clock pin base_zynq_i/ece751_h264_enc_0/inst/ece751_h264_enc_v1_0_S00_AXI_inst/my_h264_enc/tobytes/vbuf_reg[20]/C is not reached by a timing clock
Related violations: <none>

TIMING-17#357 Critical Warning
Non-clocked sequential cell  
The clock pin base_zynq_i/ece751_h264_enc_0/inst/ece751_h264_enc_v1_0_S00_AXI_inst/my_h264_enc/tobytes/vbuf_reg[21]/C is not reached by a timing clock
Related violations: <none>

TIMING-17#358 Critical Warning
Non-clocked sequential cell  
The clock pin base_zynq_i/ece751_h264_enc_0/inst/ece751_h264_enc_v1_0_S00_AXI_inst/my_h264_enc/tobytes/vbuf_reg[22]/C is not reached by a timing clock
Related violations: <none>

TIMING-17#359 Critical Warning
Non-clocked sequential cell  
The clock pin base_zynq_i/ece751_h264_enc_0/inst/ece751_h264_enc_v1_0_S00_AXI_inst/my_h264_enc/tobytes/vbuf_reg[23]/C is not reached by a timing clock
Related violations: <none>

TIMING-17#360 Critical Warning
Non-clocked sequential cell  
The clock pin base_zynq_i/ece751_h264_enc_0/inst/ece751_h264_enc_v1_0_S00_AXI_inst/my_h264_enc/tobytes/vbuf_reg[24]/C is not reached by a timing clock
Related violations: <none>

TIMING-17#361 Critical Warning
Non-clocked sequential cell  
The clock pin base_zynq_i/ece751_h264_enc_0/inst/ece751_h264_enc_v1_0_S00_AXI_inst/my_h264_enc/tobytes/vbuf_reg[2]/C is not reached by a timing clock
Related violations: <none>

TIMING-17#362 Critical Warning
Non-clocked sequential cell  
The clock pin base_zynq_i/ece751_h264_enc_0/inst/ece751_h264_enc_v1_0_S00_AXI_inst/my_h264_enc/tobytes/vbuf_reg[3]/C is not reached by a timing clock
Related violations: <none>

TIMING-17#363 Critical Warning
Non-clocked sequential cell  
The clock pin base_zynq_i/ece751_h264_enc_0/inst/ece751_h264_enc_v1_0_S00_AXI_inst/my_h264_enc/tobytes/vbuf_reg[4]/C is not reached by a timing clock
Related violations: <none>

TIMING-17#364 Critical Warning
Non-clocked sequential cell  
The clock pin base_zynq_i/ece751_h264_enc_0/inst/ece751_h264_enc_v1_0_S00_AXI_inst/my_h264_enc/tobytes/vbuf_reg[5]/C is not reached by a timing clock
Related violations: <none>

TIMING-17#365 Critical Warning
Non-clocked sequential cell  
The clock pin base_zynq_i/ece751_h264_enc_0/inst/ece751_h264_enc_v1_0_S00_AXI_inst/my_h264_enc/tobytes/vbuf_reg[6]/C is not reached by a timing clock
Related violations: <none>

TIMING-17#366 Critical Warning
Non-clocked sequential cell  
The clock pin base_zynq_i/ece751_h264_enc_0/inst/ece751_h264_enc_v1_0_S00_AXI_inst/my_h264_enc/tobytes/vbuf_reg[7]/C is not reached by a timing clock
Related violations: <none>

TIMING-17#367 Critical Warning
Non-clocked sequential cell  
The clock pin base_zynq_i/ece751_h264_enc_0/inst/ece751_h264_enc_v1_0_S00_AXI_inst/my_h264_enc/tobytes/vbuf_reg[8]/C is not reached by a timing clock
Related violations: <none>

TIMING-17#368 Critical Warning
Non-clocked sequential cell  
The clock pin base_zynq_i/ece751_h264_enc_0/inst/ece751_h264_enc_v1_0_S00_AXI_inst/my_h264_enc/tobytes/vbuf_reg[9]/C is not reached by a timing clock
Related violations: <none>

TIMING-18#1 Warning
Missing input or output delay  
An output delay is missing on leds_4bits_tri_o[0] relative to clock(s) clk_fpga_0
Related violations: <none>

TIMING-18#2 Warning
Missing input or output delay  
An output delay is missing on leds_4bits_tri_o[1] relative to clock(s) clk_fpga_0
Related violations: <none>

TIMING-18#3 Warning
Missing input or output delay  
An output delay is missing on leds_4bits_tri_o[2] relative to clock(s) clk_fpga_0
Related violations: <none>

TIMING-18#4 Warning
Missing input or output delay  
An output delay is missing on leds_4bits_tri_o[3] relative to clock(s) clk_fpga_0
Related violations: <none>


